::1 - - [14/Dec/2021:10:09:34 +0600] "GET /wp-admin/ HTTP/1.1" 302 -
::1 - - [14/Dec/2021:10:09:35 +0600] "GET /wp-login.php?redirect_to=http%3A%2F%2Flocalhost%3A10014%2Fwp-admin%2F&reauth=1 HTTP/1.1" 200 6106
::1 - - [14/Dec/2021:10:09:35 +0600] "GET /wp-includes/css/dashicons.min.css?ver=5.8.2 HTTP/1.1" 200 59016
::1 - - [14/Dec/2021:10:09:35 +0600] "GET /wp-includes/css/buttons.min.css?ver=5.8.2 HTTP/1.1" 200 5854
::1 - - [14/Dec/2021:10:09:35 +0600] "GET /wp-admin/css/forms.min.css?ver=5.8.2 HTTP/1.1" 200 25361
::1 - - [14/Dec/2021:10:09:35 +0600] "GET /wp-admin/css/l10n.min.css?ver=5.8.2 HTTP/1.1" 200 2477
::1 - - [14/Dec/2021:10:09:35 +0600] "GET /wp-includes/js/zxcvbn-async.min.js?ver=1.0 HTTP/1.1" 200 351
::1 - - [14/Dec/2021:10:09:35 +0600] "GET /wp-admin/css/login.min.css?ver=5.8.2 HTTP/1.1" 200 5716
::1 - - [14/Dec/2021:10:09:35 +0600] "GET /wp-includes/js/dist/i18n.min.js?ver=5f1269854226b4dd90450db411a12b79 HTTP/1.1" 200 9866
::1 - - [14/Dec/2021:10:09:35 +0600] "GET /wp-includes/js/dist/vendor/wp-polyfill.min.js?ver=3.15.0 HTTP/1.1" 200 16470
::1 - - [14/Dec/2021:10:09:35 +0600] "GET /wp-includes/js/dist/vendor/regenerator-runtime.min.js?ver=0.13.7 HTTP/1.1" 200 6406
::1 - - [14/Dec/2021:10:09:35 +0600] "GET /wp-includes/js/wp-util.min.js?ver=5.8.2 HTTP/1.1" 200 1340
::1 - - [14/Dec/2021:10:09:35 +0600] "GET /wp-includes/js/dist/hooks.min.js?ver=a7edae857aab69d69fa10d5aef23a5de HTTP/1.1" 200 5440
::1 - - [14/Dec/2021:10:09:35 +0600] "GET /wp-admin/js/user-profile.min.js?ver=5.8.2 HTTP/1.1" 200 6080
::1 - - [14/Dec/2021:10:09:35 +0600] "GET /wp-includes/js/jquery/jquery-migrate.min.js?ver=3.3.2 HTTP/1.1" 200 11224
::1 - - [14/Dec/2021:10:09:35 +0600] "GET /wp-includes/js/jquery/jquery.min.js?ver=3.6.0 HTTP/1.1" 200 89521
::1 - - [14/Dec/2021:10:09:35 +0600] "GET /wp-admin/js/password-strength-meter.min.js?ver=5.8.2 HTTP/1.1" 200 1123
::1 - - [14/Dec/2021:10:09:35 +0600] "GET /wp-includes/js/jquery/jquery-migrate.min.js?ver=3.3.2 HTTP/1.1" 200 11224
::1 - - [14/Dec/2021:10:09:35 +0600] "GET /wp-includes/js/zxcvbn-async.min.js?ver=1.0 HTTP/1.1" 200 351
::1 - - [14/Dec/2021:10:09:35 +0600] "GET /wp-includes/js/underscore.min.js?ver=1.13.1 HTTP/1.1" 200 19076
::1 - - [14/Dec/2021:10:09:35 +0600] "GET /wp-includes/js/dist/i18n.min.js?ver=5f1269854226b4dd90450db411a12b79 HTTP/1.1" 200 9866
::1 - - [14/Dec/2021:10:09:35 +0600] "GET /wp-includes/js/jquery/jquery.min.js?ver=3.6.0 HTTP/1.1" 200 89521
::1 - - [14/Dec/2021:10:09:35 +0600] "GET /wp-includes/js/dist/vendor/regenerator-runtime.min.js?ver=0.13.7 HTTP/1.1" 200 6406
::1 - - [14/Dec/2021:10:09:35 +0600] "GET /wp-includes/js/dist/hooks.min.js?ver=a7edae857aab69d69fa10d5aef23a5de HTTP/1.1" 200 5440
::1 - - [14/Dec/2021:10:09:35 +0600] "GET /wp-includes/js/dist/vendor/wp-polyfill.min.js?ver=3.15.0 HTTP/1.1" 200 16470
::1 - - [14/Dec/2021:10:09:35 +0600] "GET /wp-admin/js/user-profile.min.js?ver=5.8.2 HTTP/1.1" 200 6080
::1 - - [14/Dec/2021:10:09:35 +0600] "GET /wp-includes/js/wp-util.min.js?ver=5.8.2 HTTP/1.1" 200 1340
::1 - - [14/Dec/2021:10:09:35 +0600] "GET /wp-admin/js/password-strength-meter.min.js?ver=5.8.2 HTTP/1.1" 200 1123
::1 - - [14/Dec/2021:10:09:35 +0600] "GET /wp-includes/js/underscore.min.js?ver=1.13.1 HTTP/1.1" 200 19076
::1 - - [14/Dec/2021:10:09:35 +0600] "GET /wp-admin/images/wordpress-logo.svg?ver=20131107 HTTP/1.1" 200 1521
::1 - - [14/Dec/2021:10:09:35 +0600] "GET /wp-includes/js/zxcvbn.min.js HTTP/1.1" 200 822237
::1 - - [14/Dec/2021:10:09:35 +0600] "GET /wp-includes/js/zxcvbn.min.js HTTP/1.1" 200 822237
::1 - - [14/Dec/2021:10:09:35 +0600] "GET /favicon.ico HTTP/1.1" 302 -
::1 - - [14/Dec/2021:10:09:35 +0600] "GET /wp-includes/images/w-logo-blue-white-bg.png HTTP/1.1" 200 4119
::1 - - [14/Dec/2021:10:09:43 +0600] "POST /wp-login.php HTTP/1.1" 302 -
::1 - - [14/Dec/2021:10:09:48 +0600] "GET /wp-includes/js/thickbox/thickbox.css?ver=5.8.2 HTTP/1.1" 200 2659
::1 - - [14/Dec/2021:10:09:48 +0600] "GET /wp-admin/load-styles.php?c=0&dir=ltr&load%5Bchunk_0%5D=dashicons,admin-bar,site-health,common,forms,admin-menu,dashboard,list-tables,edit,revisions,media,themes,about,nav-menus,wp-poi&load%5Bchunk_1%5D=nter,widgets,site-icon,l10n,buttons,wp-auth-check&ver=5.8.2 HTTP/1.1" 200 386721
::1 - - [14/Dec/2021:10:09:48 +0600] "GET /wp-admin/load-scripts.php?c=0&load%5Bchunk_0%5D=jquery-core,jquery-migrate,utils&ver=5.8.2 HTTP/1.1" 200 102612
::1 - - [14/Dec/2021:10:09:48 +0600] "GET /wp-admin/load-scripts.php?c=0&load%5Bchunk_0%5D=jquery-core,jquery-migrate,utils&ver=5.8.2 HTTP/1.1" 200 102612
::1 - - [14/Dec/2021:10:09:43 +0600] "GET /wp-admin/ HTTP/1.1" 200 67765
::1 - - [14/Dec/2021:10:09:48 +0600] "GET /wp-includes/js/wp-emoji-release.min.js?ver=5.8.2 HTTP/1.1" 200 18181
::1 - - [14/Dec/2021:10:09:48 +0600] "GET /wp-includes/js/wp-emoji-release.min.js?ver=5.8.2 HTTP/1.1" 200 18181
::1 - - [14/Dec/2021:10:09:48 +0600] "GET /wp-includes/css/editor.min.css?ver=5.8.2 HTTP/1.1" 200 27188
::1 - - [14/Dec/2021:10:09:48 +0600] "GET /wp-includes/js/admin-bar.min.js?ver=5.8.2 HTTP/1.1" 200 3556
::1 - - [14/Dec/2021:10:09:48 +0600] "GET /wp-admin/js/common.min.js?ver=5.8.2 HTTP/1.1" 200 20037
::1 - - [14/Dec/2021:10:09:48 +0600] "GET /wp-includes/js/hoverintent-js.min.js?ver=2.2.1 HTTP/1.1" 200 1718
::1 - - [14/Dec/2021:10:09:48 +0600] "GET /wp-includes/js/dist/dom-ready.min.js?ver=71883072590656bf22c74c7b887df3dd HTTP/1.1" 200 1257
::1 - - [14/Dec/2021:10:09:48 +0600] "GET /wp-includes/js/clipboard.min.js?ver=5.8.2 HTTP/1.1" 200 10607
::1 - - [14/Dec/2021:10:09:48 +0600] "GET /wp-admin/load-scripts.php?c=0&load%5Bchunk_0%5D=hoverIntent,regenerator-runtime,wp-polyfill,wp-hooks&ver=5.8.2 HTTP/1.1" 200 29800
::1 - - [14/Dec/2021:10:09:48 +0600] "GET /wp-includes/js/api-request.min.js?ver=5.8.2 HTTP/1.1" 200 1025
::1 - - [14/Dec/2021:10:09:48 +0600] "GET /wp-includes/js/dist/a11y.min.js?ver=0ac8327cc1c40dcfdf29716affd7ac63 HTTP/1.1" 200 3009
::1 - - [14/Dec/2021:10:09:48 +0600] "GET /wp-admin/js/site-health.min.js?ver=5.8.2 HTTP/1.1" 200 6142
::1 - - [14/Dec/2021:10:09:48 +0600] "GET /wp-includes/js/dist/url.min.js?ver=d4bdf85a96aa587b52f4b8d58b4457c1 HTTP/1.1" 200 5002
::1 - - [14/Dec/2021:10:09:48 +0600] "GET /wp-includes/js/dist/vendor/lodash.min.js?ver=4.17.19 HTTP/1.1" 200 73015
::1 - - [14/Dec/2021:10:09:48 +0600] "GET /wp-includes/js/hoverintent-js.min.js?ver=2.2.1 HTTP/1.1" 200 1718
::1 - - [14/Dec/2021:10:09:48 +0600] "GET /wp-includes/js/jquery/jquery.color.min.js?ver=2.1.2 HTTP/1.1" 200 9315
::1 - - [14/Dec/2021:10:09:48 +0600] "GET /wp-includes/js/wp-lists.min.js?ver=5.8.2 HTTP/1.1" 200 7442
::1 - - [14/Dec/2021:10:09:48 +0600] "GET /wp-includes/js/quicktags.min.js?ver=5.8.2 HTTP/1.1" 200 11133
::1 - - [14/Dec/2021:10:09:48 +0600] "GET /wp-includes/js/wp-ajax-response.min.js?ver=5.8.2 HTTP/1.1" 200 2082
::1 - - [14/Dec/2021:10:09:48 +0600] "GET /wp-includes/js/admin-bar.min.js?ver=5.8.2 HTTP/1.1" 200 3556
::1 - - [14/Dec/2021:10:09:48 +0600] "GET /wp-admin/js/common.min.js?ver=5.8.2 HTTP/1.1" 200 20037
::1 - - [14/Dec/2021:10:09:48 +0600] "GET /wp-includes/js/dist/dom-ready.min.js?ver=71883072590656bf22c74c7b887df3dd HTTP/1.1" 200 1257
::1 - - [14/Dec/2021:10:09:48 +0600] "GET /wp-includes/js/clipboard.min.js?ver=5.8.2 HTTP/1.1" 200 10607
::1 - - [14/Dec/2021:10:09:48 +0600] "GET /wp-includes/js/dist/a11y.min.js?ver=0ac8327cc1c40dcfdf29716affd7ac63 HTTP/1.1" 200 3009
::1 - - [14/Dec/2021:10:09:48 +0600] "GET /wp-includes/js/jquery/jquery.query.js?ver=2.1.7 HTTP/1.1" 200 3785
::1 - - [14/Dec/2021:10:09:48 +0600] "GET /wp-includes/js/api-request.min.js?ver=5.8.2 HTTP/1.1" 200 1025
::1 - - [14/Dec/2021:10:09:48 +0600] "GET /wp-includes/js/jquery/ui/core.min.js?ver=1.12.1 HTTP/1.1" 200 20787
::1 - - [14/Dec/2021:10:09:48 +0600] "GET /wp-admin/js/edit-comments.min.js?ver=5.8.2 HTTP/1.1" 200 15268
::1 - - [14/Dec/2021:10:09:48 +0600] "GET /wp-includes/js/dist/vendor/lodash.min.js?ver=4.17.19 HTTP/1.1" 200 73015
::1 - - [14/Dec/2021:10:09:48 +0600] "GET /wp-includes/js/dist/url.min.js?ver=d4bdf85a96aa587b52f4b8d58b4457c1 HTTP/1.1" 200 5002
::1 - - [14/Dec/2021:10:09:48 +0600] "GET /wp-admin/js/site-health.min.js?ver=5.8.2 HTTP/1.1" 200 6142
::1 - - [14/Dec/2021:10:09:48 +0600] "GET /wp-includes/js/jquery/ui/mouse.min.js?ver=1.12.1 HTTP/1.1" 200 3380
::1 - - [14/Dec/2021:10:09:48 +0600] "GET /wp-admin/js/postbox.min.js?ver=5.8.2 HTTP/1.1" 200 6713
::1 - - [14/Dec/2021:10:09:48 +0600] "GET /wp-includes/js/jquery/ui/sortable.min.js?ver=1.12.1 HTTP/1.1" 200 24782
::1 - - [14/Dec/2021:10:09:48 +0600] "GET /wp-admin/load-scripts.php?c=0&load%5Bchunk_0%5D=hoverIntent,regenerator-runtime,wp-polyfill,wp-hooks&ver=5.8.2 HTTP/1.1" 200 29800
::1 - - [14/Dec/2021:10:09:48 +0600] "GET /wp-includes/js/dist/vendor/moment.min.js?ver=2.29.1 HTTP/1.1" 200 58325
::1 - - [14/Dec/2021:10:09:48 +0600] "GET /wp-admin/js/dashboard.min.js?ver=5.8.2 HTTP/1.1" 200 8797
::1 - - [14/Dec/2021:10:09:48 +0600] "GET /wp-includes/js/dist/date.min.js?ver=061439ac4325ef057b8f9c142c82a823 HTTP/1.1" 200 203411
::1 - - [14/Dec/2021:10:09:48 +0600] "GET /wp-includes/js/thickbox/thickbox.js?ver=3.1-20121105 HTTP/1.1" 200 13194
::1 - - [14/Dec/2021:10:09:48 +0600] "GET /wp-admin/js/plugin-install.min.js?ver=5.8.2 HTTP/1.1" 200 2403
::1 - - [14/Dec/2021:10:09:48 +0600] "GET /wp-includes/js/shortcode.min.js?ver=5.8.2 HTTP/1.1" 200 2650
::1 - - [14/Dec/2021:10:09:48 +0600] "GET /wp-includes/js/wp-sanitize.min.js?ver=5.8.2 HTTP/1.1" 200 458
::1 - - [14/Dec/2021:10:09:48 +0600] "GET /wp-admin/js/media-upload.min.js?ver=5.8.2 HTTP/1.1" 200 1152
::1 - - [14/Dec/2021:10:09:48 +0600] "GET /wp-admin/js/updates.min.js?ver=5.8.2 HTTP/1.1" 200 41065
::1 - - [14/Dec/2021:10:09:48 +0600] "GET /wp-admin/js/svg-painter.js?ver=5.8.2 HTTP/1.1" 200 5522
::1 - - [14/Dec/2021:10:09:48 +0600] "GET /wp-includes/js/heartbeat.min.js?ver=5.8.2 HTTP/1.1" 200 5877
::1 - - [14/Dec/2021:10:09:48 +0600] "GET /wp-includes/js/wp-auth-check.min.js?ver=5.8.2 HTTP/1.1" 200 1658
::1 - - [14/Dec/2021:10:09:48 +0600] "GET /wp-includes/js/wplink.min.js?ver=5.8.2 HTTP/1.1" 200 11270
::1 - - [14/Dec/2021:10:09:48 +0600] "GET /wp-includes/js/jquery/ui/menu.min.js?ver=1.12.1 HTTP/1.1" 200 9531
::1 - - [14/Dec/2021:10:09:48 +0600] "GET /wp-includes/js/jquery/ui/autocomplete.min.js?ver=1.12.1 HTTP/1.1" 200 8539
::1 - - [14/Dec/2021:10:09:48 +0600] "GET /wp-includes/js/wp-ajax-response.min.js?ver=5.8.2 HTTP/1.1" 200 2082
::1 - - [14/Dec/2021:10:09:48 +0600] "GET /wp-includes/js/jquery/jquery.color.min.js?ver=2.1.2 HTTP/1.1" 200 9315
::1 - - [14/Dec/2021:10:09:48 +0600] "GET /wp-includes/js/wp-lists.min.js?ver=5.8.2 HTTP/1.1" 200 7442
::1 - - [14/Dec/2021:10:09:48 +0600] "GET /wp-includes/js/quicktags.min.js?ver=5.8.2 HTTP/1.1" 200 11133
::1 - - [14/Dec/2021:10:09:48 +0600] "GET /wp-includes/js/jquery/jquery.query.js?ver=2.1.7 HTTP/1.1" 200 3785
::1 - - [14/Dec/2021:10:09:48 +0600] "GET /wp-admin/js/edit-comments.min.js?ver=5.8.2 HTTP/1.1" 200 15268
::1 - - [14/Dec/2021:10:09:48 +0600] "GET /wp-includes/js/jquery/ui/core.min.js?ver=1.12.1 HTTP/1.1" 200 20787
::1 - - [14/Dec/2021:10:09:48 +0600] "GET /wp-includes/js/jquery/ui/sortable.min.js?ver=1.12.1 HTTP/1.1" 200 24782
::1 - - [14/Dec/2021:10:09:48 +0600] "GET /wp-includes/js/jquery/ui/mouse.min.js?ver=1.12.1 HTTP/1.1" 200 3380
::1 - - [14/Dec/2021:10:09:48 +0600] "GET /wp-admin/js/postbox.min.js?ver=5.8.2 HTTP/1.1" 200 6713
::1 - - [14/Dec/2021:10:09:48 +0600] "GET /wp-includes/js/dist/vendor/moment.min.js?ver=2.29.1 HTTP/1.1" 200 58325
::1 - - [14/Dec/2021:10:09:48 +0600] "GET /wp-includes/js/thickbox/thickbox.js?ver=3.1-20121105 HTTP/1.1" 200 13194
::1 - - [14/Dec/2021:10:09:48 +0600] "GET /wp-includes/js/dist/date.min.js?ver=061439ac4325ef057b8f9c142c82a823 HTTP/1.1" 200 203411
::1 - - [14/Dec/2021:10:09:48 +0600] "GET /wp-admin/js/dashboard.min.js?ver=5.8.2 HTTP/1.1" 200 8797
::1 - - [14/Dec/2021:10:09:48 +0600] "GET /wp-admin/js/plugin-install.min.js?ver=5.8.2 HTTP/1.1" 200 2403
::1 - - [14/Dec/2021:10:09:48 +0600] "GET /wp-includes/js/wp-sanitize.min.js?ver=5.8.2 HTTP/1.1" 200 458
::1 - - [14/Dec/2021:10:09:48 +0600] "GET /wp-includes/js/shortcode.min.js?ver=5.8.2 HTTP/1.1" 200 2650
::1 - - [14/Dec/2021:10:09:48 +0600] "GET /wp-admin/js/updates.min.js?ver=5.8.2 HTTP/1.1" 200 41065
::1 - - [14/Dec/2021:10:09:48 +0600] "GET /wp-admin/js/media-upload.min.js?ver=5.8.2 HTTP/1.1" 200 1152
::1 - - [14/Dec/2021:10:09:48 +0600] "GET /wp-includes/js/wp-auth-check.min.js?ver=5.8.2 HTTP/1.1" 200 1658
::1 - - [14/Dec/2021:10:09:48 +0600] "GET /wp-admin/js/svg-painter.js?ver=5.8.2 HTTP/1.1" 200 5522
::1 - - [14/Dec/2021:10:09:48 +0600] "GET /wp-includes/js/heartbeat.min.js?ver=5.8.2 HTTP/1.1" 200 5877
::1 - - [14/Dec/2021:10:09:48 +0600] "GET /wp-includes/js/wplink.min.js?ver=5.8.2 HTTP/1.1" 200 11270
::1 - - [14/Dec/2021:10:09:48 +0600] "GET /wp-includes/js/jquery/ui/menu.min.js?ver=1.12.1 HTTP/1.1" 200 9531
::1 - - [14/Dec/2021:10:09:48 +0600] "GET /wp-includes/js/jquery/ui/autocomplete.min.js?ver=1.12.1 HTTP/1.1" 200 8539
::1 - - [14/Dec/2021:10:09:48 +0600] "GET /wp-includes/js/thickbox/loadingAnimation.gif HTTP/1.1" 200 15238
::1 - - [14/Dec/2021:10:09:48 +0600] "GET /wp-admin/admin-ajax.php?action=wp-compression-test&test=1&_ajax_nonce=51db90b901&1639454988502 HTTP/1.1" 200 1114
::1 - - [14/Dec/2021:10:09:48 +0600] "POST /wp-admin/admin-ajax.php HTTP/1.1" 200 479
::1 - - [14/Dec/2021:10:09:48 +0600] "GET /wp-admin/admin-ajax.php?action=wp-compression-test&test=2&_ajax_nonce=51db90b901&1639454988567 HTTP/1.1" 200 572
::1 - - [14/Dec/2021:10:09:49 +0600] "GET /wp-admin/images/spinner-2x.gif HTTP/1.1" 200 7536
::1 - - [14/Dec/2021:10:09:49 +0600] "GET /wp-admin/admin-ajax.php?action=wp-compression-test&test=yes&_ajax_nonce=51db90b901&1639454989816 HTTP/1.1" 200 1
::1 - - [14/Dec/2021:10:09:48 +0600] "GET /wp-admin/admin-ajax.php?action=dashboard-widgets&widget=dashboard_primary&pagenow=dashboard HTTP/1.1" 200 1084
::1 - - [14/Dec/2021:10:10:48 +0600] "POST /wp-cron.php?doing_wp_cron=1639455048.6565749645233154296875 HTTP/1.1" 200 -
::1 - - [14/Dec/2021:10:10:48 +0600] "POST /wp-admin/admin-ajax.php HTTP/1.1" 200 47
::1 - - [14/Dec/2021:10:10:48 +0600] "\x16\x03\x01" 400 226
::1 - - [14/Dec/2021:10:10:48 +0600] "\x16\x03\x01" 400 226
::1 - - [14/Dec/2021:10:12:48 +0600] "POST /wp-admin/admin-ajax.php HTTP/1.1" 200 47
::1 - - [14/Dec/2021:10:14:48 +0600] "POST /wp-admin/admin-ajax.php HTTP/1.1" 200 47
::1 - - [14/Dec/2021:10:16:25 +0600] "POST /wp-admin/admin-ajax.php HTTP/1.1" 200 47
::1 - - [14/Dec/2021:10:17:26 +0600] "POST /wp-admin/admin-ajax.php HTTP/1.1" 200 47
::1 - - [14/Dec/2021:10:18:27 +0600] "POST /wp-admin/admin-ajax.php HTTP/1.1" 200 47
::1 - - [14/Dec/2021:10:20:20 +0600] "POST /wp-admin/admin-ajax.php HTTP/1.1" 200 47
::1 - - [14/Dec/2021:10:21:20 +0600] "POST /wp-admin/admin-ajax.php HTTP/1.1" 200 47
::1 - - [14/Dec/2021:10:23:21 +0600] "POST /wp-admin/admin-ajax.php HTTP/1.1" 200 47
::1 - - [14/Dec/2021:10:25:22 +0600] "POST /wp-admin/admin-ajax.php HTTP/1.1" 200 47
::1 - - [14/Dec/2021:10:26:58 +0600] "POST /wp-admin/admin-ajax.php HTTP/1.1" 200 47
::1 - - [14/Dec/2021:10:27:58 +0600] "POST /wp-admin/admin-ajax.php HTTP/1.1" 200 47
::1 - - [14/Dec/2021:10:29:07 +0600] "GET /wp-admin/load-styles.php?c=1&dir=ltr&load%5Bchunk_0%5D=dashicons,admin-bar,site-health,common,forms,admin-menu,dashboard,list-tables,edit,revisions,media,themes,about,nav-menus,wp-poi&load%5Bchunk_1%5D=nter,widgets,site-icon,l10n,buttons,wp-auth-check&ver=5.8.2 HTTP/1.1" 200 386721
::1 - - [14/Dec/2021:10:29:07 +0600] "GET /wp-admin/load-scripts.php?c=1&load%5Bchunk_0%5D=jquery-core,jquery-migrate,utils&ver=5.8.2 HTTP/1.1" 200 102612
::1 - - [14/Dec/2021:10:29:07 +0600] "GET /wp-admin/load-scripts.php?c=1&load%5Bchunk_0%5D=jquery-core,jquery-migrate,utils&ver=5.8.2 HTTP/1.1" 200 102612
::1 - - [14/Dec/2021:10:29:07 +0600] "GET /wp-admin/ HTTP/1.1" 200 67569
::1 - - [14/Dec/2021:10:29:07 +0600] "GET /wp-admin/load-scripts.php?c=1&load%5Bchunk_0%5D=hoverIntent,regenerator-runtime,wp-polyfill,wp-hooks&ver=5.8.2 HTTP/1.1" 200 29800
::1 - - [14/Dec/2021:10:29:08 +0600] "GET /wp-admin/load-scripts.php?c=1&load%5Bchunk_0%5D=hoverIntent,regenerator-runtime,wp-polyfill,wp-hooks&ver=5.8.2 HTTP/1.1" 200 29800
::1 - - [14/Dec/2021:10:29:08 +0600] "POST /wp-admin/admin-ajax.php HTTP/1.1" 200 479
::1 - - [14/Dec/2021:10:29:14 +0600] "POST /wp-admin/admin-ajax.php HTTP/1.1" 200 1
::1 - - [14/Dec/2021:10:29:18 +0600] "POST /wp-admin/admin-ajax.php HTTP/1.1" 200 1
::1 - - [14/Dec/2021:10:29:19 +0600] "POST /wp-admin/admin-ajax.php HTTP/1.1" 200 1
::1 - - [14/Dec/2021:10:29:20 +0600] "POST /wp-admin/admin-ajax.php HTTP/1.1" 200 1
::1 - - [14/Dec/2021:10:29:22 +0600] "POST /wp-admin/admin-ajax.php HTTP/1.1" 200 1
::1 - - [14/Dec/2021:10:29:31 +0600] "POST /wp-admin/admin-ajax.php HTTP/1.1" 200 16
::1 - - [14/Dec/2021:10:29:32 +0600] "POST /wp-admin/admin-ajax.php HTTP/1.1" 200 16
::1 - - [14/Dec/2021:10:29:34 +0600] "POST /wp-admin/admin-ajax.php HTTP/1.1" 200 1
::1 - - [14/Dec/2021:10:29:34 +0600] "POST /wp-admin/admin-ajax.php HTTP/1.1" 200 1
::1 - - [14/Dec/2021:10:29:58 +0600] "POST /wp-admin/admin-ajax.php HTTP/1.1" 200 47
::1 - - [14/Dec/2021:10:30:09 +0600] "POST /wp-admin/admin-ajax.php HTTP/1.1" 200 47
::1 - - [14/Dec/2021:10:30:48 +0600] "GET /wp-admin/load-styles.php?c=1&dir=ltr&load%5Bchunk_0%5D=dashicons,admin-bar,common,forms,admin-menu,dashboard,list-tables,edit,revisions,media,themes,about,nav-menus,wp-pointer,widgets&load%5Bchunk_1%5D=,site-icon,l10n,buttons,wp-auth-check&ver=5.8.2 HTTP/1.1" 200 381608
::1 - - [14/Dec/2021:10:30:48 +0600] "GET /wp-admin/edit.php HTTP/1.1" 200 50221
::1 - - [14/Dec/2021:10:30:48 +0600] "GET /wp-admin/js/tags-suggest.min.js?ver=5.8.2 HTTP/1.1" 200 2250
::1 - - [14/Dec/2021:10:30:48 +0600] "GET /wp-admin/js/inline-edit-post.min.js?ver=5.8.2 HTTP/1.1" 200 7411
::1 - - [14/Dec/2021:10:30:48 +0600] "GET /wp-admin/js/tags-suggest.min.js?ver=5.8.2 HTTP/1.1" 200 2250
::1 - - [14/Dec/2021:10:30:48 +0600] "GET /wp-admin/js/inline-edit-post.min.js?ver=5.8.2 HTTP/1.1" 200 7411
::1 - - [14/Dec/2021:10:30:48 +0600] "POST /wp-admin/admin-ajax.php HTTP/1.1" 200 47
::1 - - [14/Dec/2021:10:30:51 +0600] "GET /wp-admin/post.php?post=1&action=trash&_wpnonce=cef8ff789a HTTP/1.1" 302 -
::1 - - [14/Dec/2021:10:30:52 +0600] "GET /wp-admin/edit.php?trashed=1&ids=1 HTTP/1.1" 200 36266
::1 - - [14/Dec/2021:10:30:52 +0600] "POST /wp-admin/admin-ajax.php HTTP/1.1" 200 47
::1 - - [14/Dec/2021:10:30:55 +0600] "GET /wp-admin/upload.php HTTP/1.1" 200 15928
::1 - - [14/Dec/2021:10:30:58 +0600] "GET /wp-admin/upload.php HTTP/1.1" 200 95634
::1 - - [14/Dec/2021:10:30:58 +0600] "GET /wp-includes/js/imgareaselect/imgareaselect.css?ver=0.9.8 HTTP/1.1" 200 790
::1 - - [14/Dec/2021:10:30:58 +0600] "GET /wp-includes/js/mediaelement/mediaelementplayer-legacy.min.css?ver=4.2.16 HTTP/1.1" 200 11256
::1 - - [14/Dec/2021:10:30:58 +0600] "GET /wp-includes/js/mediaelement/wp-mediaelement.min.css?ver=5.8.2 HTTP/1.1" 200 4186
::1 - - [14/Dec/2021:10:30:58 +0600] "GET /wp-includes/js/wp-backbone.min.js?ver=5.8.2 HTTP/1.1" 200 3037
::1 - - [14/Dec/2021:10:30:58 +0600] "GET /wp-includes/js/backbone.min.js?ver=1.4.0 HTTP/1.1" 200 23818
::1 - - [14/Dec/2021:10:30:58 +0600] "GET /wp-includes/js/mediaelement/mediaelement-migrate.min.js?ver=5.8.2 HTTP/1.1" 200 1193
::1 - - [14/Dec/2021:10:30:58 +0600] "GET /wp-includes/js/media-models.min.js?ver=5.8.2 HTTP/1.1" 200 14293
::1 - - [14/Dec/2021:10:30:58 +0600] "GET /wp-includes/js/plupload/wp-plupload.min.js?ver=5.8.2 HTTP/1.1" 200 5979
::1 - - [14/Dec/2021:10:30:58 +0600] "GET /wp-includes/js/media-views.min.js?ver=5.8.2 HTTP/1.1" 200 111267
::1 - - [14/Dec/2021:10:30:58 +0600] "GET /wp-includes/js/mediaelement/mediaelement-and-player.min.js?ver=4.2.16 HTTP/1.1" 200 157610
::1 - - [14/Dec/2021:10:30:58 +0600] "GET /wp-includes/js/mediaelement/wp-mediaelement.min.js?ver=5.8.2 HTTP/1.1" 200 906
::1 - - [14/Dec/2021:10:30:58 +0600] "GET /wp-includes/js/media-audiovideo.min.js?ver=5.8.2 HTTP/1.1" 200 12964
::1 - - [14/Dec/2021:10:30:58 +0600] "GET /wp-includes/js/mce-view.min.js?ver=5.8.2 HTTP/1.1" 200 9883
::1 - - [14/Dec/2021:10:30:58 +0600] "GET /wp-includes/js/media-editor.min.js?ver=5.8.2 HTTP/1.1" 200 10909
::1 - - [14/Dec/2021:10:30:58 +0600] "GET /wp-includes/js/imgareaselect/jquery.imgareaselect.min.js?ver=5.8.2 HTTP/1.1" 200 9723
::1 - - [14/Dec/2021:10:30:58 +0600] "GET /wp-admin/load-scripts.php?c=1&load%5Bchunk_0%5D=jquery-core,jquery-migrate,utils,moxiejs,plupload&ver=5.8.2 HTTP/1.1" 200 205880
::1 - - [14/Dec/2021:10:30:58 +0600] "GET /wp-includes/js/media-grid.min.js?ver=5.8.2 HTTP/1.1" 200 14247
::1 - - [14/Dec/2021:10:30:58 +0600] "GET /wp-admin/js/media.min.js?ver=5.8.2 HTTP/1.1" 200 2049
::1 - - [14/Dec/2021:10:30:58 +0600] "GET /wp-admin/js/image-edit.min.js?ver=5.8.2 HTTP/1.1" 200 11263
::1 - - [14/Dec/2021:10:30:58 +0600] "GET /wp-admin/load-styles.php?c=1&dir=ltr&load%5Bchunk_0%5D=dashicons,admin-bar,buttons,media-views,common,forms,admin-menu,dashboard,list-tables,edit,revisions,media,themes,about,nav-menu&load%5Bchunk_1%5D=s,wp-pointer,widgets,site-icon,l10n,wp-auth-check&ver=5.8.2 HTTP/1.1" 200 428673
::1 - - [14/Dec/2021:10:30:58 +0600] "GET /wp-includes/js/wp-backbone.min.js?ver=5.8.2 HTTP/1.1" 200 3037
::1 - - [14/Dec/2021:10:30:58 +0600] "GET /wp-includes/js/backbone.min.js?ver=1.4.0 HTTP/1.1" 200 23818
::1 - - [14/Dec/2021:10:30:58 +0600] "GET /wp-includes/js/mediaelement/mediaelement-migrate.min.js?ver=5.8.2 HTTP/1.1" 200 1193
::1 - - [14/Dec/2021:10:30:58 +0600] "GET /wp-includes/js/media-models.min.js?ver=5.8.2 HTTP/1.1" 200 14293
::1 - - [14/Dec/2021:10:30:58 +0600] "GET /wp-includes/js/plupload/wp-plupload.min.js?ver=5.8.2 HTTP/1.1" 200 5979
::1 - - [14/Dec/2021:10:30:58 +0600] "GET /wp-includes/js/mediaelement/wp-mediaelement.min.js?ver=5.8.2 HTTP/1.1" 200 906
::1 - - [14/Dec/2021:10:30:58 +0600] "GET /wp-includes/js/media-views.min.js?ver=5.8.2 HTTP/1.1" 200 111267
::1 - - [14/Dec/2021:10:30:58 +0600] "GET /wp-includes/js/mediaelement/mediaelement-and-player.min.js?ver=4.2.16 HTTP/1.1" 200 157610
::1 - - [14/Dec/2021:10:30:58 +0600] "GET /wp-includes/js/media-editor.min.js?ver=5.8.2 HTTP/1.1" 200 10909
::1 - - [14/Dec/2021:10:30:58 +0600] "GET /wp-includes/js/imgareaselect/jquery.imgareaselect.min.js?ver=5.8.2 HTTP/1.1" 200 9723
::1 - - [14/Dec/2021:10:30:58 +0600] "GET /wp-includes/js/media-audiovideo.min.js?ver=5.8.2 HTTP/1.1" 200 12964
::1 - - [14/Dec/2021:10:30:58 +0600] "GET /wp-includes/js/mce-view.min.js?ver=5.8.2 HTTP/1.1" 200 9883
::1 - - [14/Dec/2021:10:30:58 +0600] "GET /wp-admin/js/media.min.js?ver=5.8.2 HTTP/1.1" 200 2049
::1 - - [14/Dec/2021:10:30:58 +0600] "GET /wp-includes/js/media-grid.min.js?ver=5.8.2 HTTP/1.1" 200 14247
::1 - - [14/Dec/2021:10:30:58 +0600] "GET /wp-admin/js/image-edit.min.js?ver=5.8.2 HTTP/1.1" 200 11263
::1 - - [14/Dec/2021:10:30:58 +0600] "GET /wp-admin/load-scripts.php?c=1&load%5Bchunk_0%5D=jquery-core,jquery-migrate,utils,moxiejs,plupload&ver=5.8.2 HTTP/1.1" 200 205880
::1 - - [14/Dec/2021:10:30:59 +0600] "GET /wp-includes/images/spinner-2x.gif HTTP/1.1" 200 7536
::1 - - [14/Dec/2021:10:30:59 +0600] "POST /wp-admin/admin-ajax.php HTTP/1.1" 200 26
::1 - - [14/Dec/2021:10:31:02 +0600] "GET /wp-admin/edit.php?post_type=page HTTP/1.1" 200 48493
::1 - - [14/Dec/2021:10:31:03 +0600] "POST /wp-admin/admin-ajax.php HTTP/1.1" 200 47
::1 - - [14/Dec/2021:10:31:19 +0600] "POST /wp-admin/admin-ajax.php HTTP/1.1" 200 47
::1 - - [14/Dec/2021:10:31:21 +0600] "GET /wp-admin/post.php?post=3&action=trash&_wpnonce=b582571a05 HTTP/1.1" 302 -
::1 - - [14/Dec/2021:10:31:22 +0600] "GET /wp-admin/edit.php?post_type=page&trashed=1&ids=3 HTTP/1.1" 200 45656
::1 - - [14/Dec/2021:10:31:22 +0600] "POST /wp-admin/admin-ajax.php HTTP/1.1" 200 47
::1 - - [14/Dec/2021:10:31:23 +0600] "GET /wp-admin/post.php?post=2&action=trash&_wpnonce=b2981195a3 HTTP/1.1" 302 -
::1 - - [14/Dec/2021:10:31:23 +0600] "GET /wp-admin/edit.php?post_type=page&trashed=1&ids=2 HTTP/1.1" 200 33705
::1 - - [14/Dec/2021:10:31:23 +0600] "POST /wp-admin/admin-ajax.php HTTP/1.1" 200 47
::1 - - [14/Dec/2021:10:31:25 +0600] "GET /wp-admin/edit.php?post_type=page HTTP/1.1" 200 33452
::1 - - [14/Dec/2021:10:31:25 +0600] "POST /wp-admin/admin-ajax.php HTTP/1.1" 200 47
::1 - - [14/Dec/2021:10:31:25 +0600] "GET /favicon.ico HTTP/1.1" 302 -
::1 - - [14/Dec/2021:10:31:27 +0600] "GET /wp-admin/edit-comments.php HTTP/1.1" 200 43803
::1 - - [14/Dec/2021:10:31:31 +0600] "GET /wp-admin/options-general.php HTTP/1.1" 200 64764
::1 - - [14/Dec/2021:10:31:33 +0600] "GET /wp-admin/options-general.php HTTP/1.1" 200 64764
::1 - - [14/Dec/2021:10:31:58 +0600] "POST /wp-admin/admin-ajax.php HTTP/1.1" 200 47
::1 - - [14/Dec/2021:10:32:16 +0600] "POST /wp-admin/options.php HTTP/1.1" 302 -
::1 - - [14/Dec/2021:10:32:16 +0600] "GET /wp-admin/options-general.php?settings-updated=true HTTP/1.1" 200 65158
::1 - - [14/Dec/2021:10:32:24 +0600] "GET /wp-admin/options-permalink.php HTTP/1.1" 200 31746
::1 - - [14/Dec/2021:10:32:39 +0600] "GET / HTTP/1.1" 200 16757
::1 - - [14/Dec/2021:10:32:39 +0600] "GET /wp-includes/css/admin-bar.min.css?ver=5.8.2 HTTP/1.1" 200 19750
::1 - - [14/Dec/2021:10:32:39 +0600] "GET /wp-includes/css/dist/block-library/style.min.css?ver=5.8.2 HTTP/1.1" 200 80574
::1 - - [14/Dec/2021:10:32:39 +0600] "GET /wp-content/themes/twentytwentyone/style.css?ver=1.4 HTTP/1.1" 200 156153
::1 - - [14/Dec/2021:10:32:39 +0600] "GET /wp-content/themes/twentytwentyone/assets/js/responsive-embeds.js?ver=1.4 HTTP/1.1" 200 1127
::1 - - [14/Dec/2021:10:32:39 +0600] "GET /wp-includes/js/wp-embed.min.js?ver=5.8.2 HTTP/1.1" 200 1426
::1 - - [14/Dec/2021:10:32:39 +0600] "GET /wp-content/themes/twentytwentyone/assets/js/responsive-embeds.js?ver=1.4 HTTP/1.1" 200 1127
::1 - - [14/Dec/2021:10:32:39 +0600] "GET /wp-includes/js/wp-embed.min.js?ver=5.8.2 HTTP/1.1" 200 1426
::1 - - [14/Dec/2021:10:32:39 +0600] "GET /wp-content/themes/twentytwentyone/assets/css/print.css?ver=1.4 HTTP/1.1" 200 2897
::1 - - [14/Dec/2021:10:33:26 +0600] "POST /wp-admin/admin-ajax.php HTTP/1.1" 200 47
::1 - - [14/Dec/2021:10:33:59 +0600] "POST /wp-admin/admin-ajax.php HTTP/1.1" 200 47
::1 - - [14/Dec/2021:10:35:27 +0600] "POST /wp-admin/admin-ajax.php HTTP/1.1" 200 47
::1 - - [14/Dec/2021:10:41:23 +0600] "POST /wp-admin/admin-ajax.php HTTP/1.1" 200 47
::1 - - [14/Dec/2021:10:41:45 +0600] "POST /wp-admin/admin-ajax.php HTTP/1.1" 200 47
::1 - - [14/Dec/2021:10:41:50 +0600] "POST /wp-admin/options-permalink.php HTTP/1.1" 302 -
::1 - - [14/Dec/2021:10:41:50 +0600] "GET /wp-admin/options-permalink.php?settings-updated=true HTTP/1.1" 200 31931
::1 - - [14/Dec/2021:10:42:14 +0600] "GET /wp-admin/edit.php?post_type=page HTTP/1.1" 200 33452
::1 - - [14/Dec/2021:10:42:14 +0600] "POST /wp-admin/admin-ajax.php HTTP/1.1" 200 47
::1 - - [14/Dec/2021:10:42:16 +0600] "GET /wp-content/themes/twentytwentyone/assets/css/custom-color-overrides.css?ver=1.4 HTTP/1.1" 200 130
::1 - - [14/Dec/2021:10:42:16 +0600] "GET /wp-includes/js/dist/autop.min.js?ver=0e55c6c10f6d8a4bd90b2ea903436301 HTTP/1.1" 200 6247
::1 - - [14/Dec/2021:10:42:16 +0600] "GET /wp-includes/js/dist/blob.min.js?ver=4eca38a62df5f0145a5f1a78858581e7 HTTP/1.1" 200 1574
::1 - - [14/Dec/2021:10:42:16 +0600] "GET /wp-includes/js/dist/deprecated.min.js?ver=932d8bb37da8bbb396a7a3f754345e08 HTTP/1.1" 200 1564
::1 - - [14/Dec/2021:10:42:16 +0600] "GET /wp-includes/js/dist/vendor/react.min.js?ver=16.13.1 HTTP/1.1" 200 12463
::1 - - [14/Dec/2021:10:42:16 +0600] "GET /wp-includes/js/dist/escape-html.min.js?ver=dcba9e40e8782c7d5883426934834b3e HTTP/1.1" 200 1783
::1 - - [14/Dec/2021:10:42:16 +0600] "GET /wp-includes/js/dist/dom.min.js?ver=a82fdb54a6baeb86aa639117061bf119 HTTP/1.1" 200 13610
::1 - - [14/Dec/2021:10:42:16 +0600] "GET /wp-includes/js/dist/block-serialization-default-parser.min.js?ver=2fc6dec19af6d4c5e5fec8f6fdc1a10b HTTP/1.1" 200 3015
::1 - - [14/Dec/2021:10:42:16 +0600] "GET /wp-includes/js/dist/vendor/react-dom.min.js?ver=16.13.1 HTTP/1.1" 200 118656
::1 - - [14/Dec/2021:10:42:16 +0600] "GET /wp-includes/js/dist/element.min.js?ver=43a121e875f299c637e1115581bee905 HTTP/1.1" 200 9240
::1 - - [14/Dec/2021:10:42:16 +0600] "GET /wp-includes/js/dist/is-shallow-equal.min.js?ver=9b8d91804cfb3ef5b14e6ef816664072 HTTP/1.1" 200 1696
::1 - - [14/Dec/2021:10:42:16 +0600] "GET /wp-includes/js/dist/keycodes.min.js?ver=0b881ee2324067c223d746a87ae4ddda HTTP/1.1" 200 3414
::1 - - [14/Dec/2021:10:42:16 +0600] "GET /wp-includes/js/dist/priority-queue.min.js?ver=b2e76fb9887a285b5eff38763f2ac2fc HTTP/1.1" 200 1636
::1 - - [14/Dec/2021:10:42:16 +0600] "GET /wp-includes/js/dist/compose.min.js?ver=35754587ca81a116927d3de1017f4fa0 HTTP/1.1" 200 32431
::1 - - [14/Dec/2021:10:42:16 +0600] "GET /wp-includes/js/dist/data.min.js?ver=a9e98fe3ad76884fe7909ba8348395b7 HTTP/1.1" 200 22555
::1 - - [14/Dec/2021:10:42:16 +0600] "GET /wp-includes/js/dist/redux-routine.min.js?ver=fd5f93d1f8206c65d1891cf1f898211e HTTP/1.1" 200 9608
::1 - - [14/Dec/2021:10:42:16 +0600] "GET /wp-includes/js/dist/html-entities.min.js?ver=26307b6ad1e445fc1a4643f634cb29c6 HTTP/1.1" 200 1416
::1 - - [14/Dec/2021:10:42:16 +0600] "GET /wp-includes/js/dist/shortcode.min.js?ver=361473450d55d9ffe30983cf22f42a8f HTTP/1.1" 200 3996
::1 - - [14/Dec/2021:10:42:16 +0600] "GET /wp-includes/js/dist/primitives.min.js?ver=fedf57cf6da174d1eca2875b8b730af3 HTTP/1.1" 200 2896
::1 - - [14/Dec/2021:10:42:16 +0600] "GET /wp-includes/js/dist/rich-text.min.js?ver=10cd4e4656806fb1a6884c84213af69c HTTP/1.1" 200 34096
::1 - - [14/Dec/2021:10:42:16 +0600] "GET /wp-includes/js/dist/blocks.min.js?ver=7ed7fe32dad771c4e0af4f56539ff156 HTTP/1.1" 200 158047
::1 - - [14/Dec/2021:10:42:16 +0600] "GET /wp-includes/js/dist/warning.min.js?ver=3e70e9d62208deeee510b84df4dec7f1 HTTP/1.1" 200 2834
::1 - - [14/Dec/2021:10:42:16 +0600] "GET /wp-includes/js/dist/keyboard-shortcuts.min.js?ver=d70c8cb490d99422cf8f2693ab7e88d0 HTTP/1.1" 200 4619
::1 - - [14/Dec/2021:10:42:16 +0600] "GET /wp-admin/post-new.php?post_type=page HTTP/1.1" 200 473775
::1 - - [14/Dec/2021:10:42:16 +0600] "GET /wp-includes/js/dist/notices.min.js?ver=f5dfeda575085df54ed17c2d8a6afaa4 HTTP/1.1" 200 2636
::1 - - [14/Dec/2021:10:42:16 +0600] "GET /wp-includes/js/dist/components.min.js?ver=413e179f8a99bd28091ba5cc6f72c9f3 HTTP/1.1" 200 645355
::1 - - [14/Dec/2021:10:42:16 +0600] "GET /wp-includes/js/dist/token-list.min.js?ver=4440092061c305ccc3ebf8ce18138c8a HTTP/1.1" 200 2124
::1 - - [14/Dec/2021:10:42:16 +0600] "GET /wp-includes/js/dist/wordcount.min.js?ver=83b86052fd3fc408a609e60d52164115 HTTP/1.1" 200 3255
::1 - - [14/Dec/2021:10:42:16 +0600] "GET /wp-includes/js/dist/api-fetch.min.js?ver=134e23b5f88ba06a093f9f92520a98df HTTP/1.1" 200 5756
::1 - - [14/Dec/2021:10:42:16 +0600] "GET /wp-includes/js/dist/data-controls.min.js?ver=cb4174d77c57f56732dc41d3bf3b2781 HTTP/1.1" 200 2241
::1 - - [14/Dec/2021:10:42:16 +0600] "GET /wp-includes/js/dist/block-editor.min.js?ver=fc8c27c6e95e7e0d59b4e344cb9ddfed HTTP/1.1" 200 423310
::1 - - [14/Dec/2021:10:42:16 +0600] "GET /wp-includes/js/dist/reusable-blocks.min.js?ver=f210f01a481601fc2639d3f839449c5c HTTP/1.1" 200 7075
::1 - - [14/Dec/2021:10:42:16 +0600] "GET /wp-includes/js/dist/core-data.min.js?ver=fe45a7066c931b4d3d0ff96789da023d HTTP/1.1" 200 41646
::1 - - [14/Dec/2021:10:42:16 +0600] "GET /wp-admin/js/editor.min.js?ver=5.8.2 HTTP/1.1" 200 13211
::1 - - [14/Dec/2021:10:42:16 +0600] "GET /wp-includes/js/dist/viewport.min.js?ver=57f92677272305fe301d0d0616d6c8c7 HTTP/1.1" 200 3030
::1 - - [14/Dec/2021:10:42:16 +0600] "GET /wp-includes/js/dist/server-side-render.min.js?ver=e68a4eae1f1e1f9a993d3bfbb601bad3 HTTP/1.1" 200 4126
::1 - - [14/Dec/2021:10:42:16 +0600] "GET /wp-includes/js/dist/media-utils.min.js?ver=8e557d69e3ef2356d081c60830d157a1 HTTP/1.1" 200 8052
::1 - - [14/Dec/2021:10:42:16 +0600] "GET /wp-includes/js/dist/block-library.min.js?ver=69fc06eecf1aeb26e48b8a47ed38179b HTTP/1.1" 200 483010
::1 - - [14/Dec/2021:10:42:16 +0600] "GET /wp-includes/js/dist/autop.min.js?ver=0e55c6c10f6d8a4bd90b2ea903436301 HTTP/1.1" 200 6247
::1 - - [14/Dec/2021:10:42:16 +0600] "GET /wp-includes/js/dist/plugins.min.js?ver=01dbac2843febe57b20f01bdb7a432b8 HTTP/1.1" 200 5330
::1 - - [14/Dec/2021:10:42:16 +0600] "GET /wp-includes/js/dist/editor.min.js?ver=208cadf8632b62c7ccdf2f2feb2398e2 HTTP/1.1" 200 142423
::1 - - [14/Dec/2021:10:42:16 +0600] "GET /wp-includes/js/dist/deprecated.min.js?ver=932d8bb37da8bbb396a7a3f754345e08 HTTP/1.1" 200 1564
::1 - - [14/Dec/2021:10:42:16 +0600] "GET /wp-includes/js/dist/blob.min.js?ver=4eca38a62df5f0145a5f1a78858581e7 HTTP/1.1" 200 1574
::1 - - [14/Dec/2021:10:42:16 +0600] "GET /wp-includes/js/dist/edit-post.min.js?ver=3656613c515e40e95a15114467097b39 HTTP/1.1" 200 205281
::1 - - [14/Dec/2021:10:42:16 +0600] "GET /wp-includes/js/dist/vendor/react.min.js?ver=16.13.1 HTTP/1.1" 200 12463
::1 - - [14/Dec/2021:10:42:16 +0600] "GET /wp-includes/js/dist/block-serialization-default-parser.min.js?ver=2fc6dec19af6d4c5e5fec8f6fdc1a10b HTTP/1.1" 200 3015
::1 - - [14/Dec/2021:10:42:16 +0600] "GET /wp-includes/js/dist/escape-html.min.js?ver=dcba9e40e8782c7d5883426934834b3e HTTP/1.1" 200 1783
::1 - - [14/Dec/2021:10:42:16 +0600] "GET /wp-includes/js/dist/block-directory.min.js?ver=59e39b168393c12505197fed91dc8d01 HTTP/1.1" 200 21578
::1 - - [14/Dec/2021:10:42:16 +0600] "GET /wp-includes/js/dist/is-shallow-equal.min.js?ver=9b8d91804cfb3ef5b14e6ef816664072 HTTP/1.1" 200 1696
::1 - - [14/Dec/2021:10:42:16 +0600] "GET /wp-content/themes/twentytwentyone/assets/js/editor.js?ver=1.4 HTTP/1.1" 200 921
::1 - - [14/Dec/2021:10:42:16 +0600] "GET /wp-includes/js/dist/dom.min.js?ver=a82fdb54a6baeb86aa639117061bf119 HTTP/1.1" 200 13610
::1 - - [14/Dec/2021:10:42:16 +0600] "GET /wp-includes/js/dist/element.min.js?ver=43a121e875f299c637e1115581bee905 HTTP/1.1" 200 9240
::1 - - [14/Dec/2021:10:42:16 +0600] "GET /wp-includes/js/dist/format-library.min.js?ver=c765b263eb6bc434e4b93dfc8771aaaf HTTP/1.1" 200 18437
::1 - - [14/Dec/2021:10:42:16 +0600] "GET /wp-admin/load-styles.php?c=1&dir=ltr&load%5Bchunk_0%5D=dashicons,admin-bar,buttons,media-views,editor-buttons,wp-components,wp-block-editor,wp-nux,wp-reusable-blocks,wp-editor,common,&load%5Bchunk_1%5D=forms,wp-reset-editor-styles,wp-block-library,wp-editor-classic-layout-styles,wp-edit-blocks,wp-edit-post,wp-block-directory,wp-&load%5Bchunk_2%5D=format-library,admin-menu,dashboard,list-tables,edit,revisions,media,themes,about,nav-menus,wp-pointer,widgets,site-icon,l10n,wp&load%5Bchunk_3%5D=-auth-check,wp-block-library-theme&ver=5.8.2 HTTP/1.1" 200 895931
::1 - - [14/Dec/2021:10:42:16 +0600] "GET /wp-includes/js/dist/vendor/react-dom.min.js?ver=16.13.1 HTTP/1.1" 200 118656
::1 - - [14/Dec/2021:10:42:16 +0600] "GET /wp-includes/js/dist/priority-queue.min.js?ver=b2e76fb9887a285b5eff38763f2ac2fc HTTP/1.1" 200 1636
::1 - - [14/Dec/2021:10:42:16 +0600] "GET /wp-includes/js/dist/redux-routine.min.js?ver=fd5f93d1f8206c65d1891cf1f898211e HTTP/1.1" 200 9608
::1 - - [14/Dec/2021:10:42:16 +0600] "GET /wp-includes/js/dist/keycodes.min.js?ver=0b881ee2324067c223d746a87ae4ddda HTTP/1.1" 200 3414
::1 - - [14/Dec/2021:10:42:16 +0600] "GET /wp-includes/js/dist/compose.min.js?ver=35754587ca81a116927d3de1017f4fa0 HTTP/1.1" 200 32431
::1 - - [14/Dec/2021:10:42:16 +0600] "GET /wp-includes/js/tinymce/wp-tinymce.js?ver=49110-20201110 HTTP/1.1" 200 671350
::1 - - [14/Dec/2021:10:42:16 +0600] "GET /wp-includes/js/dist/html-entities.min.js?ver=26307b6ad1e445fc1a4643f634cb29c6 HTTP/1.1" 200 1416
::1 - - [14/Dec/2021:10:42:16 +0600] "GET /wp-includes/js/dist/data.min.js?ver=a9e98fe3ad76884fe7909ba8348395b7 HTTP/1.1" 200 22555
::1 - - [14/Dec/2021:10:42:16 +0600] "GET /wp-includes/js/dist/primitives.min.js?ver=fedf57cf6da174d1eca2875b8b730af3 HTTP/1.1" 200 2896
::1 - - [14/Dec/2021:10:42:16 +0600] "GET /wp-includes/js/dist/shortcode.min.js?ver=361473450d55d9ffe30983cf22f42a8f HTTP/1.1" 200 3996
::1 - - [14/Dec/2021:10:42:16 +0600] "GET /wp-includes/js/dist/rich-text.min.js?ver=10cd4e4656806fb1a6884c84213af69c HTTP/1.1" 200 34096
::1 - - [14/Dec/2021:10:42:16 +0600] "GET /wp-includes/js/dist/warning.min.js?ver=3e70e9d62208deeee510b84df4dec7f1 HTTP/1.1" 200 2834
::1 - - [14/Dec/2021:10:42:16 +0600] "GET /wp-includes/js/dist/blocks.min.js?ver=7ed7fe32dad771c4e0af4f56539ff156 HTTP/1.1" 200 158047
::1 - - [14/Dec/2021:10:42:16 +0600] "GET /wp-includes/js/dist/notices.min.js?ver=f5dfeda575085df54ed17c2d8a6afaa4 HTTP/1.1" 200 2636
::1 - - [14/Dec/2021:10:42:16 +0600] "GET /wp-includes/js/dist/token-list.min.js?ver=4440092061c305ccc3ebf8ce18138c8a HTTP/1.1" 200 2124
::1 - - [14/Dec/2021:10:42:16 +0600] "GET /wp-includes/js/dist/keyboard-shortcuts.min.js?ver=d70c8cb490d99422cf8f2693ab7e88d0 HTTP/1.1" 200 4619
::1 - - [14/Dec/2021:10:42:16 +0600] "GET /wp-includes/js/dist/wordcount.min.js?ver=83b86052fd3fc408a609e60d52164115 HTTP/1.1" 200 3255
::1 - - [14/Dec/2021:10:42:16 +0600] "GET /wp-includes/js/dist/data-controls.min.js?ver=cb4174d77c57f56732dc41d3bf3b2781 HTTP/1.1" 200 2241
::1 - - [14/Dec/2021:10:42:16 +0600] "GET /wp-includes/js/dist/api-fetch.min.js?ver=134e23b5f88ba06a093f9f92520a98df HTTP/1.1" 200 5756
::1 - - [14/Dec/2021:10:42:16 +0600] "GET /wp-includes/js/dist/core-data.min.js?ver=fe45a7066c931b4d3d0ff96789da023d HTTP/1.1" 200 41646
::1 - - [14/Dec/2021:10:42:16 +0600] "GET /wp-includes/js/dist/components.min.js?ver=413e179f8a99bd28091ba5cc6f72c9f3 HTTP/1.1" 200 645355
::1 - - [14/Dec/2021:10:42:16 +0600] "GET /wp-includes/js/dist/block-editor.min.js?ver=fc8c27c6e95e7e0d59b4e344cb9ddfed HTTP/1.1" 200 423310
::1 - - [14/Dec/2021:10:42:16 +0600] "GET /wp-includes/js/dist/reusable-blocks.min.js?ver=f210f01a481601fc2639d3f839449c5c HTTP/1.1" 200 7075
::1 - - [14/Dec/2021:10:42:16 +0600] "GET /wp-includes/js/dist/viewport.min.js?ver=57f92677272305fe301d0d0616d6c8c7 HTTP/1.1" 200 3030
::1 - - [14/Dec/2021:10:42:16 +0600] "GET /wp-includes/js/dist/server-side-render.min.js?ver=e68a4eae1f1e1f9a993d3bfbb601bad3 HTTP/1.1" 200 4126
::1 - - [14/Dec/2021:10:42:16 +0600] "GET /wp-admin/js/editor.min.js?ver=5.8.2 HTTP/1.1" 200 13211
::1 - - [14/Dec/2021:10:42:16 +0600] "GET /wp-includes/js/dist/editor.min.js?ver=208cadf8632b62c7ccdf2f2feb2398e2 HTTP/1.1" 200 142423
::1 - - [14/Dec/2021:10:42:16 +0600] "GET /wp-includes/js/dist/media-utils.min.js?ver=8e557d69e3ef2356d081c60830d157a1 HTTP/1.1" 200 8052
::1 - - [14/Dec/2021:10:42:16 +0600] "GET /wp-includes/js/dist/block-library.min.js?ver=69fc06eecf1aeb26e48b8a47ed38179b HTTP/1.1" 200 483010
::1 - - [14/Dec/2021:10:42:16 +0600] "GET /wp-includes/js/dist/plugins.min.js?ver=01dbac2843febe57b20f01bdb7a432b8 HTTP/1.1" 200 5330
::1 - - [14/Dec/2021:10:42:16 +0600] "GET /wp-includes/js/dist/edit-post.min.js?ver=3656613c515e40e95a15114467097b39 HTTP/1.1" 200 205281
::1 - - [14/Dec/2021:10:42:16 +0600] "GET /wp-content/themes/twentytwentyone/assets/js/editor.js?ver=1.4 HTTP/1.1" 200 921
::1 - - [14/Dec/2021:10:42:16 +0600] "GET /wp-includes/js/dist/format-library.min.js?ver=c765b263eb6bc434e4b93dfc8771aaaf HTTP/1.1" 200 18437
::1 - - [14/Dec/2021:10:42:16 +0600] "GET /wp-includes/js/dist/block-directory.min.js?ver=59e39b168393c12505197fed91dc8d01 HTTP/1.1" 200 21578
::1 - - [14/Dec/2021:10:42:16 +0600] "GET /wp-includes/js/tinymce/wp-tinymce.js?ver=49110-20201110 HTTP/1.1" 200 671350
::1 - - [14/Dec/2021:10:42:16 +0600] "GET /wp-json/wp/v2/users/me?_locale=user HTTP/1.1" 200 584
::1 - - [14/Dec/2021:10:42:16 +0600] "GET /wp-json/wp/v2/blocks?context=edit&per_page=100&_locale=user HTTP/1.1" 200 2
::1 - - [14/Dec/2021:10:42:16 +0600] "GET /wp-json/wp/v2/templates?context=edit&per_page=100&_locale=user HTTP/1.1" 200 2
::1 - - [14/Dec/2021:10:42:16 +0600] "GET /wp-json/wp/v2/users/?who=authors&per_page=100&_locale=user HTTP/1.1" 200 586
::1 - - [14/Dec/2021:10:42:16 +0600] "GET /wp-json/wp/v2/pages/8?_locale=user HTTP/1.1" 200 1237
::1 - - [14/Dec/2021:10:42:23 +0600] "POST /wp-admin/admin-ajax.php HTTP/1.1" 200 47
::1 - - [14/Dec/2021:10:42:23 +0600] "POST /wp-admin/admin-ajax.php HTTP/1.1" 200 1
::1 - - [14/Dec/2021:10:42:23 +0600] "POST /wp-admin/admin-ajax.php HTTP/1.1" 200 47
::1 - - [14/Dec/2021:10:42:32 +0600] "GET /wp-admin/plugins.php HTTP/1.1" 200 35963
::1 - - [14/Dec/2021:10:42:34 +0600] "GET /wp-admin/plugin-install.php HTTP/1.1" 200 75774
::1 - - [14/Dec/2021:10:42:39 +0600] "POST /wp-admin/admin-ajax.php HTTP/1.1" 200 104333
::1 - - [14/Dec/2021:10:42:42 +0600] "POST /wp-admin/admin-ajax.php HTTP/1.1" 200 105276
::1 - - [14/Dec/2021:10:42:47 +0600] "POST /wp-admin/admin-ajax.php HTTP/1.1" 200 240
::1 - - [14/Dec/2021:10:42:56 +0600] "GET /wp-admin/plugins.php?_wpnonce=bbe21e7fe4&action=activate&plugin=classic-editor/classic-editor.php HTTP/1.1" 302 -
::1 - - [14/Dec/2021:10:43:00 +0600] "GET /wp-admin/plugins.php?activate=true&plugin_status=all&paged=1&s= HTTP/1.1" 200 40247
::1 - - [14/Dec/2021:10:43:03 +0600] "GET /wp-admin/post-new.php?post_type=page HTTP/1.1" 200 138780
::1 - - [14/Dec/2021:10:43:03 +0600] "GET /wp-includes/js/jquery/suggest.min.js?ver=1.1-20110113 HTTP/1.1" 200 2993
::1 - - [14/Dec/2021:10:43:03 +0600] "GET /wp-includes/js/autosave.min.js?ver=5.8.2 HTTP/1.1" 200 5829
::1 - - [14/Dec/2021:10:43:03 +0600] "GET /wp-admin/js/tags-box.min.js?ver=5.8.2 HTTP/1.1" 200 3077
::1 - - [14/Dec/2021:10:43:03 +0600] "GET /wp-admin/js/post.min.js?ver=5.8.2 HTTP/1.1" 200 19042
::1 - - [14/Dec/2021:10:43:03 +0600] "GET /wp-includes/js/jquery/suggest.min.js?ver=1.1-20110113 HTTP/1.1" 200 2993
::1 - - [14/Dec/2021:10:43:03 +0600] "GET /wp-admin/js/word-count.min.js?ver=5.8.2 HTTP/1.1" 200 1535
::1 - - [14/Dec/2021:10:43:03 +0600] "GET /wp-admin/js/editor-expand.min.js?ver=5.8.2 HTTP/1.1" 200 13451
::1 - - [14/Dec/2021:10:43:03 +0600] "GET /wp-includes/js/autosave.min.js?ver=5.8.2 HTTP/1.1" 200 5829
::1 - - [14/Dec/2021:10:43:03 +0600] "GET /wp-admin/js/tags-box.min.js?ver=5.8.2 HTTP/1.1" 200 3077
::1 - - [14/Dec/2021:10:43:03 +0600] "GET /wp-admin/js/word-count.min.js?ver=5.8.2 HTTP/1.1" 200 1535
::1 - - [14/Dec/2021:10:43:03 +0600] "GET /wp-admin/js/post.min.js?ver=5.8.2 HTTP/1.1" 200 19042
::1 - - [14/Dec/2021:10:43:03 +0600] "GET /wp-admin/js/editor-expand.min.js?ver=5.8.2 HTTP/1.1" 200 13451
::1 - - [14/Dec/2021:10:43:03 +0600] "GET /wp-includes/js/tinymce/skins/lightgray/skin.min.css?wp-mce-49110-20201110 HTTP/1.1" 200 44010
::1 - - [14/Dec/2021:10:43:03 +0600] "GET /wp-includes/js/tinymce/skins/lightgray/content.min.css?wp-mce-49110-20201110 HTTP/1.1" 200 4017
::1 - - [14/Dec/2021:10:43:03 +0600] "GET /wp-includes/css/dashicons.min.css?ver=5.8.2&wp-mce-49110-20201110 HTTP/1.1" 200 59016
::1 - - [14/Dec/2021:10:43:03 +0600] "GET /wp-includes/js/tinymce/skins/wordpress/wp-content.css?ver=5.8.2&wp-mce-49110-20201110 HTTP/1.1" 200 8624
::1 - - [14/Dec/2021:10:43:03 +0600] "GET /wp-content/themes/twentytwentyone/assets/css/style-editor.css?wp-mce-49110-20201110 HTTP/1.1" 200 79555
::1 - - [14/Dec/2021:10:43:58 +0600] "POST /wp-admin/admin-ajax.php HTTP/1.1" 200 118
::1 - - [14/Dec/2021:10:43:58 +0600] "POST /wp-admin/admin-ajax.php HTTP/1.1" 200 421
::1 - - [14/Dec/2021:10:44:11 +0600] "POST /wp-admin/post.php HTTP/1.1" 302 -
::1 - - [14/Dec/2021:10:44:11 +0600] "GET /wp-admin/post.php?post=9&action=edit&message=6 HTTP/1.1" 200 142800
::1 - - [14/Dec/2021:10:44:11 +0600] "GET /wp-admin/admin-ajax.php?action=oembed-cache&post=9 HTTP/1.1" 200 1
::1 - - [14/Dec/2021:10:44:16 +0600] "GET /wp-admin/options-reading.php HTTP/1.1" 200 27892
::1 - - [14/Dec/2021:10:44:16 +0600] "POST /wp-admin/admin-ajax.php HTTP/1.1" 200 1
::1 - - [14/Dec/2021:10:44:23 +0600] "POST /wp-admin/admin-ajax.php HTTP/1.1" 200 47
::1 - - [14/Dec/2021:10:44:30 +0600] "GET / HTTP/1.1" 200 16757
::1 - - [14/Dec/2021:10:44:31 +0600] "GET /favicon.ico HTTP/1.1" 302 -
::1 - - [14/Dec/2021:10:44:42 +0600] "POST /wp-admin/options.php HTTP/1.1" 302 -
::1 - - [14/Dec/2021:10:44:42 +0600] "GET /wp-admin/options-reading.php?settings-updated=true HTTP/1.1" 200 28084
::1 - - [14/Dec/2021:10:44:46 +0600] "GET / HTTP/1.1" 200 17492
::1 - - [14/Dec/2021:10:44:46 +0600] "GET /favicon.ico HTTP/1.1" 302 -
::1 - - [14/Dec/2021:10:45:11 +0600] "GET / HTTP/1.1" 200 17492
::1 - - [14/Dec/2021:10:45:17 +0600] "GET /wp-admin/ HTTP/1.1" 200 54256
::1 - - [14/Dec/2021:10:45:17 +0600] "POST /wp-admin/admin-ajax.php HTTP/1.1" 200 479
::1 - - [14/Dec/2021:10:45:19 +0600] "GET /wp-admin/edit.php?post_type=page HTTP/1.1" 200 45361
::1 - - [14/Dec/2021:10:45:19 +0600] "POST /wp-admin/admin-ajax.php HTTP/1.1" 200 47
::1 - - [14/Dec/2021:10:45:26 +0600] "GET /wp-admin/options-reading.php HTTP/1.1" 200 27912
::1 - - [14/Dec/2021:10:45:30 +0600] "POST /wp-admin/options.php HTTP/1.1" 302 -
::1 - - [14/Dec/2021:10:45:31 +0600] "GET /wp-admin/options-reading.php?settings-updated=true HTTP/1.1" 200 28084
::1 - - [14/Dec/2021:10:45:35 +0600] "GET / HTTP/1.1" 200 17492
::1 - - [14/Dec/2021:10:45:38 +0600] "GET /wp-admin/post.php?post=9&action=edit HTTP/1.1" 200 142066
::1 - - [14/Dec/2021:10:45:59 +0600] "GET / HTTP/1.1" 200 17492
::1 - - [14/Dec/2021:10:45:59 +0600] "POST /wp-admin/admin-ajax.php HTTP/1.1" 200 1
::1 - - [14/Dec/2021:10:46:07 +0600] "GET /wp-admin/options-permalink.php HTTP/1.1" 200 31746
::1 - - [14/Dec/2021:10:46:14 +0600] "GET /wp-admin/post-new.php?post_type=page HTTP/1.1" 200 139014
::1 - - [14/Dec/2021:10:46:17 +0600] "GET /wp-admin/edit.php?post_type=page HTTP/1.1" 200 45361
::1 - - [14/Dec/2021:10:46:17 +0600] "POST /wp-admin/admin-ajax.php HTTP/1.1" 200 47
::1 - - [14/Dec/2021:10:46:23 +0600] "POST /wp-admin/admin-ajax.php HTTP/1.1" 200 47
::1 - - [14/Dec/2021:10:46:29 +0600] "GET /wp-admin/edit.php?post_type=page HTTP/1.1" 200 45361
::1 - - [14/Dec/2021:10:46:29 +0600] "POST /wp-admin/admin-ajax.php HTTP/1.1" 200 47
::1 - - [14/Dec/2021:10:46:30 +0600] "GET /wp-admin/post.php?post=9&action=trash&_wpnonce=c46ea76f25 HTTP/1.1" 302 -
::1 - - [14/Dec/2021:10:46:30 +0600] "GET /wp-admin/edit.php?post_type=page&trashed=1&ids=9 HTTP/1.1" 200 33705
::1 - - [14/Dec/2021:10:46:30 +0600] "POST /wp-admin/admin-ajax.php HTTP/1.1" 200 47
::1 - - [14/Dec/2021:10:46:32 +0600] "GET /wp-admin/post-new.php?post_type=page HTTP/1.1" 200 138736
::1 - - [14/Dec/2021:10:46:39 +0600] "POST /wp-admin/post.php HTTP/1.1" 302 -
::1 - - [14/Dec/2021:10:46:39 +0600] "GET /wp-admin/post.php?post=12&action=edit&message=6 HTTP/1.1" 200 142812
::1 - - [14/Dec/2021:10:46:39 +0600] "GET /wp-admin/admin-ajax.php?action=oembed-cache&post=12 HTTP/1.1" 200 1
::1 - - [14/Dec/2021:10:46:42 +0600] "GET /wp-admin/options-general.php HTTP/1.1" 200 64986
::1 - - [14/Dec/2021:10:46:43 +0600] "POST /wp-admin/admin-ajax.php HTTP/1.1" 200 1
::1 - - [14/Dec/2021:10:46:45 +0600] "GET /wp-admin/options-reading.php HTTP/1.1" 200 27894
::1 - - [14/Dec/2021:10:46:50 +0600] "POST /wp-admin/options.php HTTP/1.1" 302 -
::1 - - [14/Dec/2021:10:46:50 +0600] "GET /wp-admin/options-reading.php?settings-updated=true HTTP/1.1" 200 28086
::1 - - [14/Dec/2021:10:46:53 +0600] "GET / HTTP/1.1" 200 17499
::1 - - [14/Dec/2021:10:46:54 +0600] "GET /favicon.ico HTTP/1.1" 302 -
::1 - - [14/Dec/2021:10:46:54 +0600] "GET / HTTP/1.1" 200 17499
::1 - - [14/Dec/2021:10:46:54 +0600] "GET /favicon.ico HTTP/1.1" 302 -
::1 - - [14/Dec/2021:10:46:55 +0600] "GET / HTTP/1.1" 200 17499
::1 - - [14/Dec/2021:10:46:55 +0600] "GET /favicon.ico HTTP/1.1" 302 -
::1 - - [14/Dec/2021:10:46:55 +0600] "GET / HTTP/1.1" 200 17499
::1 - - [14/Dec/2021:10:46:55 +0600] "GET /favicon.ico HTTP/1.1" 302 -
::1 - - [14/Dec/2021:10:46:55 +0600] "GET / HTTP/1.1" 200 17499
::1 - - [14/Dec/2021:10:46:55 +0600] "GET /favicon.ico HTTP/1.1" 302 -
::1 - - [14/Dec/2021:10:46:56 +0600] "GET / HTTP/1.1" 200 17499
::1 - - [14/Dec/2021:10:46:56 +0600] "GET /favicon.ico HTTP/1.1" 302 -
::1 - - [14/Dec/2021:10:47:02 +0600] "GET /wp-admin/edit.php?post_type=page HTTP/1.1" 200 45372
::1 - - [14/Dec/2021:10:47:03 +0600] "POST /wp-admin/admin-ajax.php HTTP/1.1" 200 47
::1 - - [14/Dec/2021:10:47:11 +0600] "GET /home HTTP/1.1" 301 -
::1 - - [14/Dec/2021:10:47:11 +0600] "GET / HTTP/1.1" 200 17499
::1 - - [14/Dec/2021:10:47:19 +0600] "POST /wp-admin/admin-ajax.php HTTP/1.1" 200 47
::1 - - [14/Dec/2021:10:47:26 +0600] "GET /wp-admin/options-reading.php HTTP/1.1" 200 27914
::1 - - [14/Dec/2021:10:48:15 +0600] "GET /wp-admin/post-new.php?post_type=page HTTP/1.1" 200 138955
::1 - - [14/Dec/2021:10:48:20 +0600] "GET /wp-admin/edit.php?post_type=page HTTP/1.1" 200 45372
::1 - - [14/Dec/2021:10:48:20 +0600] "POST /wp-admin/admin-ajax.php HTTP/1.1" 200 47
::1 - - [14/Dec/2021:10:48:23 +0600] "POST /wp-admin/admin-ajax.php HTTP/1.1" 200 47
::1 - - [14/Dec/2021:10:48:27 +0600] "POST /wp-admin/admin-ajax.php HTTP/1.1" 200 47
::1 - - [14/Dec/2021:10:48:30 +0600] "GET / HTTP/1.1" 200 17499
::1 - - [14/Dec/2021:10:49:15 +0600] "GET /wp-admin/plugins.php HTTP/1.1" 200 40009
::1 - - [14/Dec/2021:10:49:20 +0600] "GET /wp-admin/themes.php HTTP/1.1" 200 51385
::1 - - [14/Dec/2021:10:49:20 +0600] "GET /wp-content/themes/twentytwentyone/screenshot.png HTTP/1.1" 200 282897
::1 - - [14/Dec/2021:10:49:20 +0600] "GET /wp-includes/js/customize-base.min.js?ver=5.8.2 HTTP/1.1" 200 7856
::1 - - [14/Dec/2021:10:49:20 +0600] "GET /wp-admin/js/theme.min.js?ver=5.8.2 HTTP/1.1" 200 26960
::1 - - [14/Dec/2021:10:49:20 +0600] "GET /wp-content/themes/twentytwenty/screenshot.png HTTP/1.1" 200 53066
::1 - - [14/Dec/2021:10:49:20 +0600] "GET /wp-content/themes/twentynineteen/screenshot.png HTTP/1.1" 200 175535
::1 - - [14/Dec/2021:10:49:20 +0600] "GET /wp-includes/js/customize-base.min.js?ver=5.8.2 HTTP/1.1" 200 7856
::1 - - [14/Dec/2021:10:49:20 +0600] "GET /wp-admin/js/theme.min.js?ver=5.8.2 HTTP/1.1" 200 26960
::1 - - [14/Dec/2021:10:49:28 +0600] "GET /wp-admin/themes.php?action=activate&stylesheet=twentynineteen&_wpnonce=4fa53fe9b1 HTTP/1.1" 302 -
::1 - - [14/Dec/2021:10:49:28 +0600] "GET /wp-admin/themes.php?activated=true HTTP/1.1" 200 51094
::1 - - [14/Dec/2021:10:49:38 +0600] "GET /wp-admin/themes.php?action=activate&stylesheet=twentytwenty&_wpnonce=55a18a0cc2 HTTP/1.1" 302 -
::1 - - [14/Dec/2021:10:49:38 +0600] "GET /wp-admin/themes.php?activated=true HTTP/1.1" 200 51528
::1 - - [14/Dec/2021:10:49:44 +0600] "GET /wp-admin/themes.php?action=activate&stylesheet=twentynineteen&_wpnonce=4fa53fe9b1 HTTP/1.1" 302 -
::1 - - [14/Dec/2021:10:49:44 +0600] "GET /wp-admin/themes.php?activated=true HTTP/1.1" 200 51094
::1 - - [14/Dec/2021:10:49:51 +0600] "GET / HTTP/1.1" 200 17782
::1 - - [14/Dec/2021:10:49:51 +0600] "GET /wp-content/themes/twentynineteen/style.css?ver=2.1 HTTP/1.1" 200 226100
::1 - - [14/Dec/2021:10:49:51 +0600] "GET /wp-content/themes/twentynineteen/print.css?ver=2.1 HTTP/1.1" 200 3949
::1 - - [14/Dec/2021:10:49:51 +0600] "GET /favicon.ico HTTP/1.1" 302 -
::1 - - [14/Dec/2021:10:50:23 +0600] "POST /wp-admin/admin-ajax.php HTTP/1.1" 200 47
::1 - - [14/Dec/2021:10:50:45 +0600] "POST /wp-admin/admin-ajax.php HTTP/1.1" 200 47
::1 - - [14/Dec/2021:10:51:23 +0600] "POST /wp-admin/admin-ajax.php HTTP/1.1" 200 47
::1 - - [14/Dec/2021:10:52:46 +0600] "POST /wp-admin/admin-ajax.php HTTP/1.1" 200 47
::1 - - [14/Dec/2021:10:53:23 +0600] "POST /wp-admin/admin-ajax.php HTTP/1.1" 200 47
::1 - - [14/Dec/2021:10:54:23 +0600] "POST /wp-admin/admin-ajax.php HTTP/1.1" 200 47
::1 - - [14/Dec/2021:10:54:47 +0600] "POST /wp-admin/admin-ajax.php HTTP/1.1" 200 47
::1 - - [14/Dec/2021:10:55:24 +0600] "POST /wp-admin/admin-ajax.php HTTP/1.1" 200 47
::1 - - [14/Dec/2021:10:57:07 +0600] "POST /wp-admin/admin-ajax.php HTTP/1.1" 200 47
::1 - - [14/Dec/2021:10:57:08 +0600] "POST /wp-admin/admin-ajax.php HTTP/1.1" 200 47
::1 - - [14/Dec/2021:10:58:08 +0600] "POST /wp-admin/admin-ajax.php HTTP/1.1" 200 47
::1 - - [14/Dec/2021:10:59:08 +0600] "POST /wp-admin/admin-ajax.php HTTP/1.1" 200 47
::1 - - [14/Dec/2021:10:59:09 +0600] "POST /wp-admin/admin-ajax.php HTTP/1.1" 200 47
::1 - - [14/Dec/2021:11:00:09 +0600] "POST /wp-admin/admin-ajax.php HTTP/1.1" 200 47
::1 - - [14/Dec/2021:11:01:09 +0600] "POST /wp-admin/admin-ajax.php HTTP/1.1" 200 47
::1 - - [14/Dec/2021:11:01:11 +0600] "POST /wp-admin/admin-ajax.php HTTP/1.1" 200 47
::1 - - [14/Dec/2021:11:02:10 +0600] "POST /wp-admin/admin-ajax.php HTTP/1.1" 200 47
::1 - - [14/Dec/2021:11:03:10 +0600] "POST /wp-admin/admin-ajax.php HTTP/1.1" 200 47
::1 - - [14/Dec/2021:11:03:12 +0600] "POST /wp-admin/admin-ajax.php HTTP/1.1" 200 47
::1 - - [14/Dec/2021:11:05:11 +0600] "POST /wp-admin/admin-ajax.php HTTP/1.1" 200 47
::1 - - [14/Dec/2021:11:05:14 +0600] "POST /wp-admin/admin-ajax.php HTTP/1.1" 200 47
::1 - - [14/Dec/2021:11:06:12 +0600] "POST /wp-admin/admin-ajax.php HTTP/1.1" 200 47
::1 - - [14/Dec/2021:11:06:50 +0600] "POST /wp-admin/admin-ajax.php HTTP/1.1" 200 47
::1 - - [14/Dec/2021:11:07:12 +0600] "POST /wp-admin/admin-ajax.php HTTP/1.1" 200 47
::1 - - [14/Dec/2021:11:07:51 +0600] "POST /wp-admin/admin-ajax.php HTTP/1.1" 200 47
::1 - - [14/Dec/2021:11:08:06 +0600] "GET /wp-admin/themes.php HTTP/1.1" 200 44257
::1 - - [14/Dec/2021:11:08:06 +0600] "GET /wp-admin/undefined HTTP/1.1" 404 9902
::1 - - [14/Dec/2021:11:08:07 +0600] "GET /favicon.ico HTTP/1.1" 302 -
::1 - - [14/Dec/2021:11:08:14 +0600] "GET / HTTP/1.1" 200 10549
::1 - - [14/Dec/2021:11:08:15 +0600] "GET /favicon.ico HTTP/1.1" 302 -
::1 - - [14/Dec/2021:11:08:29 +0600] "POST /wp-admin/admin-ajax.php HTTP/1.1" 200 47
::1 - - [14/Dec/2021:11:09:07 +0600] "POST /wp-cron.php?doing_wp_cron=1639458547.5417311191558837890625 HTTP/1.1" 200 -
::1 - - [14/Dec/2021:11:09:07 +0600] "POST /wp-admin/admin-ajax.php HTTP/1.1" 200 47
::1 - - [14/Dec/2021:11:09:30 +0600] "POST /wp-admin/admin-ajax.php HTTP/1.1" 200 47
::1 - - [14/Dec/2021:11:11:08 +0600] "POST /wp-admin/admin-ajax.php HTTP/1.1" 200 47
::1 - - [14/Dec/2021:11:11:19 +0600] "POST /wp-admin/admin-ajax.php HTTP/1.1" 200 47
::1 - - [14/Dec/2021:11:12:19 +0600] "POST /wp-admin/admin-ajax.php HTTP/1.1" 200 47
::1 - - [14/Dec/2021:11:13:09 +0600] "POST /wp-admin/admin-ajax.php HTTP/1.1" 200 47
::1 - - [14/Dec/2021:11:13:23 +0600] "GET /wp-admin/themes.php HTTP/1.1" 200 44765
::1 - - [14/Dec/2021:11:13:23 +0600] "GET /wp-admin/undefined HTTP/1.1" 404 9902
::1 - - [14/Dec/2021:11:13:23 +0600] "GET /favicon.ico HTTP/1.1" 302 -
::1 - - [14/Dec/2021:11:13:25 +0600] "GET /wp-admin/themes.php HTTP/1.1" 200 44765
::1 - - [14/Dec/2021:11:13:25 +0600] "GET /wp-admin/undefined HTTP/1.1" 404 9902
::1 - - [14/Dec/2021:11:13:25 +0600] "GET /favicon.ico HTTP/1.1" 302 -
::1 - - [14/Dec/2021:11:13:26 +0600] "GET /wp-admin/themes.php HTTP/1.1" 200 44765
::1 - - [14/Dec/2021:11:13:26 +0600] "GET /wp-admin/undefined HTTP/1.1" 404 9902
::1 - - [14/Dec/2021:11:13:26 +0600] "GET /favicon.ico HTTP/1.1" 302 -
::1 - - [14/Dec/2021:11:13:26 +0600] "GET /wp-admin/themes.php HTTP/1.1" 200 44765
::1 - - [14/Dec/2021:11:13:27 +0600] "GET /wp-admin/undefined HTTP/1.1" 404 9902
::1 - - [14/Dec/2021:11:13:27 +0600] "GET /favicon.ico HTTP/1.1" 302 -
::1 - - [14/Dec/2021:11:13:27 +0600] "GET /wp-admin/themes.php HTTP/1.1" 200 44765
::1 - - [14/Dec/2021:11:13:27 +0600] "GET /wp-admin/undefined HTTP/1.1" 404 9902
::1 - - [14/Dec/2021:11:13:27 +0600] "GET /favicon.ico HTTP/1.1" 302 -
::1 - - [14/Dec/2021:11:13:35 +0600] "GET /wp-admin/themes.php HTTP/1.1" 200 44765
::1 - - [14/Dec/2021:11:13:36 +0600] "GET /wp-admin/undefined HTTP/1.1" 404 9902
::1 - - [14/Dec/2021:11:13:36 +0600] "GET /favicon.ico HTTP/1.1" 302 -
::1 - - [14/Dec/2021:11:14:37 +0600] "POST /wp-admin/admin-ajax.php HTTP/1.1" 200 47
::1 - - [14/Dec/2021:11:14:43 +0600] "GET /wp-admin/themes.php HTTP/1.1" 200 44765
::1 - - [14/Dec/2021:11:14:43 +0600] "GET /wp-admin/undefined HTTP/1.1" 404 9902
::1 - - [14/Dec/2021:11:14:43 +0600] "GET /favicon.ico HTTP/1.1" 302 -
::1 - - [14/Dec/2021:11:14:44 +0600] "GET /wp-admin/themes.php HTTP/1.1" 200 44765
::1 - - [14/Dec/2021:11:14:44 +0600] "GET /wp-admin/undefined HTTP/1.1" 404 9902
::1 - - [14/Dec/2021:11:14:44 +0600] "GET /favicon.ico HTTP/1.1" 302 -
::1 - - [14/Dec/2021:11:14:44 +0600] "GET /wp-admin/themes.php HTTP/1.1" 200 44765
::1 - - [14/Dec/2021:11:14:44 +0600] "GET /wp-admin/undefined HTTP/1.1" 404 9902
::1 - - [14/Dec/2021:11:14:45 +0600] "GET /favicon.ico HTTP/1.1" 302 -
::1 - - [14/Dec/2021:11:15:28 +0600] "GET /wp-admin/themes.php HTTP/1.1" 200 44765
::1 - - [14/Dec/2021:11:15:29 +0600] "GET /wp-admin/undefined HTTP/1.1" 404 9902
::1 - - [14/Dec/2021:11:15:29 +0600] "GET /favicon.ico HTTP/1.1" 302 -
::1 - - [14/Dec/2021:11:16:22 +0600] "POST /wp-admin/admin-ajax.php HTTP/1.1" 200 75
::1 - - [14/Dec/2021:11:16:27 +0600] "POST /wp-admin/admin-ajax.php HTTP/1.1" 200 75
::1 - - [14/Dec/2021:11:16:29 +0600] "POST /wp-admin/admin-ajax.php HTTP/1.1" 200 47
::1 - - [14/Dec/2021:11:16:31 +0600] "GET /wp-admin/themes.php HTTP/1.1" 200 44765
::1 - - [14/Dec/2021:11:16:31 +0600] "GET /wp-admin/undefined HTTP/1.1" 404 9902
::1 - - [14/Dec/2021:11:16:32 +0600] "GET /favicon.ico HTTP/1.1" 302 -
::1 - - [14/Dec/2021:11:16:32 +0600] "GET /wp-admin/themes.php HTTP/1.1" 200 44765
::1 - - [14/Dec/2021:11:16:32 +0600] "GET /wp-admin/undefined HTTP/1.1" 404 9902
::1 - - [14/Dec/2021:11:16:32 +0600] "GET /favicon.ico HTTP/1.1" 302 -
::1 - - [14/Dec/2021:11:16:33 +0600] "GET /wp-admin/themes.php HTTP/1.1" 200 44765
::1 - - [14/Dec/2021:11:16:33 +0600] "GET /wp-admin/undefined HTTP/1.1" 404 9902
::1 - - [14/Dec/2021:11:16:33 +0600] "GET /favicon.ico HTTP/1.1" 302 -
::1 - - [14/Dec/2021:11:16:33 +0600] "GET /wp-admin/themes.php HTTP/1.1" 200 44765
::1 - - [14/Dec/2021:11:16:33 +0600] "GET /wp-admin/undefined HTTP/1.1" 404 9902
::1 - - [14/Dec/2021:11:16:33 +0600] "GET /favicon.ico HTTP/1.1" 302 -
::1 - - [14/Dec/2021:11:16:34 +0600] "GET /wp-admin/themes.php HTTP/1.1" 200 44765
::1 - - [14/Dec/2021:11:16:34 +0600] "GET /wp-admin/undefined HTTP/1.1" 404 9902
::1 - - [14/Dec/2021:11:16:34 +0600] "GET /favicon.ico HTTP/1.1" 302 -
::1 - - [14/Dec/2021:11:16:34 +0600] "GET /wp-admin/themes.php HTTP/1.1" 200 44765
::1 - - [14/Dec/2021:11:16:34 +0600] "GET /wp-admin/undefined HTTP/1.1" 404 9902
::1 - - [14/Dec/2021:11:16:34 +0600] "GET /favicon.ico HTTP/1.1" 302 -
::1 - - [14/Dec/2021:11:16:35 +0600] "GET /wp-admin/themes.php HTTP/1.1" 200 44765
::1 - - [14/Dec/2021:11:16:35 +0600] "GET /wp-admin/undefined HTTP/1.1" 404 9902
::1 - - [14/Dec/2021:11:16:35 +0600] "GET /favicon.ico HTTP/1.1" 302 -
::1 - - [14/Dec/2021:11:17:36 +0600] "POST /wp-admin/admin-ajax.php HTTP/1.1" 200 47
::1 - - [14/Dec/2021:11:19:37 +0600] "POST /wp-admin/admin-ajax.php HTTP/1.1" 200 47
::1 - - [14/Dec/2021:11:19:58 +0600] "GET /wp-admin/themes.php HTTP/1.1" 200 45979
::1 - - [14/Dec/2021:11:20:00 +0600] "GET /favicon.ico HTTP/1.1" 302 -
::1 - - [14/Dec/2021:11:20:58 +0600] "-" 408 -
::1 - - [14/Dec/2021:11:21:01 +0600] "POST /wp-admin/admin-ajax.php HTTP/1.1" 200 47
::1 - - [14/Dec/2021:11:23:02 +0600] "POST /wp-admin/admin-ajax.php HTTP/1.1" 200 47
::1 - - [14/Dec/2021:11:25:03 +0600] "POST /wp-admin/admin-ajax.php HTTP/1.1" 200 47
::1 - - [14/Dec/2021:11:27:07 +0600] "POST /wp-admin/admin-ajax.php HTTP/1.1" 200 47
::1 - - [14/Dec/2021:11:29:10 +0600] "POST /wp-admin/admin-ajax.php HTTP/1.1" 200 47
::1 - - [14/Dec/2021:11:29:58 +0600] "GET /wp-admin/themes.php HTTP/1.1" 200 45988
::1 - - [14/Dec/2021:11:29:58 +0600] "GET /favicon.ico HTTP/1.1" 302 -
::1 - - [14/Dec/2021:11:29:59 +0600] "GET /wp-admin/themes.php HTTP/1.1" 200 45988
::1 - - [14/Dec/2021:11:29:59 +0600] "GET /favicon.ico HTTP/1.1" 302 -
::1 - - [14/Dec/2021:11:30:11 +0600] "GET / HTTP/1.1" 200 10549
::1 - - [14/Dec/2021:11:30:11 +0600] "GET /favicon.ico HTTP/1.1" 302 -
::1 - - [14/Dec/2021:11:30:13 +0600] "GET /wp-admin/themes.php HTTP/1.1" 200 45988
::1 - - [14/Dec/2021:11:30:14 +0600] "GET /favicon.ico HTTP/1.1" 302 -
::1 - - [14/Dec/2021:11:30:17 +0600] "GET /wp-admin/themes.php?action=activate&stylesheet=mytheme&_wpnonce=657789ab84 HTTP/1.1" 302 -
::1 - - [14/Dec/2021:11:30:17 +0600] "GET /wp-admin/themes.php?activated=true HTTP/1.1" 200 44231
::1 - - [14/Dec/2021:11:30:17 +0600] "GET /wp-admin/undefined HTTP/1.1" 404 -
::1 - - [14/Dec/2021:11:30:24 +0600] "GET / HTTP/1.1" 200 -
::1 - - [14/Dec/2021:11:30:24 +0600] "GET /favicon.ico HTTP/1.1" 302 -
::1 - - [14/Dec/2021:11:30:27 +0600] "GET /wp-admin/themes.php HTTP/1.1" 200 44087
::1 - - [14/Dec/2021:11:30:28 +0600] "GET /wp-admin/undefined HTTP/1.1" 404 -
::1 - - [14/Dec/2021:11:30:28 +0600] "GET /favicon.ico HTTP/1.1" 302 -
::1 - - [14/Dec/2021:11:31:24 +0600] "-" 408 -
::1 - - [14/Dec/2021:11:31:29 +0600] "POST /wp-admin/admin-ajax.php HTTP/1.1" 200 47
::1 - - [14/Dec/2021:11:33:30 +0600] "POST /wp-admin/admin-ajax.php HTTP/1.1" 200 47
::1 - - [14/Dec/2021:11:35:31 +0600] "POST /wp-admin/admin-ajax.php HTTP/1.1" 200 47
::1 - - [14/Dec/2021:11:35:51 +0600] "GET /wp-admin/themes.php HTTP/1.1" 200 44238
::1 - - [14/Dec/2021:11:35:51 +0600] "GET /wp-content/themes/mytheme/screenshot.png HTTP/1.1" 200 4579
::1 - - [14/Dec/2021:11:35:51 +0600] "GET /favicon.ico HTTP/1.1" 302 -
::1 - - [14/Dec/2021:11:36:51 +0600] "-" 408 -
::1 - - [14/Dec/2021:11:36:52 +0600] "POST /wp-admin/admin-ajax.php HTTP/1.1" 200 47
::1 - - [14/Dec/2021:11:38:53 +0600] "POST /wp-admin/admin-ajax.php HTTP/1.1" 200 47
::1 - - [14/Dec/2021:11:40:54 +0600] "POST /wp-admin/admin-ajax.php HTTP/1.1" 200 47
::1 - - [14/Dec/2021:11:42:52 +0600] "GET / HTTP/1.1" 200 32
::1 - - [14/Dec/2021:11:42:53 +0600] "GET /favicon.ico HTTP/1.1" 302 -
::1 - - [14/Dec/2021:11:42:55 +0600] "POST /wp-admin/admin-ajax.php HTTP/1.1" 200 47
::1 - - [14/Dec/2021:11:43:52 +0600] "-" 408 -
::1 - - [14/Dec/2021:11:44:57 +0600] "POST /wp-admin/admin-ajax.php HTTP/1.1" 200 47
::1 - - [14/Dec/2021:11:46:58 +0600] "POST /wp-admin/admin-ajax.php HTTP/1.1" 200 47
::1 - - [14/Dec/2021:11:49:15 +0600] "POST /wp-admin/admin-ajax.php HTTP/1.1" 200 47
::1 - - [14/Dec/2021:11:51:21 +0600] "POST /wp-admin/admin-ajax.php HTTP/1.1" 200 47
::1 - - [14/Dec/2021:11:53:22 +0600] "POST /wp-admin/admin-ajax.php HTTP/1.1" 200 47
::1 - - [14/Dec/2021:11:55:23 +0600] "POST /wp-admin/admin-ajax.php HTTP/1.1" 200 47
::1 - - [14/Dec/2021:11:57:31 +0600] "POST /wp-admin/admin-ajax.php HTTP/1.1" 200 47
::1 - - [14/Dec/2021:11:59:35 +0600] "POST /wp-admin/admin-ajax.php HTTP/1.1" 200 47
::1 - - [14/Dec/2021:12:01:41 +0600] "POST /wp-admin/admin-ajax.php HTTP/1.1" 200 47
::1 - - [14/Dec/2021:12:02:49 +0600] "POST /wp-admin/admin-ajax.php HTTP/1.1" 200 47
::1 - - [14/Dec/2021:12:02:50 +0600] "GET /wp-admin/themes.php HTTP/1.1" 200 44238
::1 - - [14/Dec/2021:12:02:50 +0600] "GET /wp-content/themes/mytheme/screenshot.png HTTP/1.1" 304 -
::1 - - [14/Dec/2021:12:02:50 +0600] "GET /favicon.ico HTTP/1.1" 302 -
::1 - - [14/Dec/2021:12:02:53 +0600] "GET / HTTP/1.1" 200 32
::1 - - [14/Dec/2021:12:02:53 +0600] "GET /favicon.ico HTTP/1.1" 302 -
::1 - - [14/Dec/2021:12:03:50 +0600] "-" 408 -
::1 - - [14/Dec/2021:12:03:51 +0600] "POST /wp-admin/admin-ajax.php HTTP/1.1" 200 47
::1 - - [14/Dec/2021:12:05:52 +0600] "POST /wp-admin/admin-ajax.php HTTP/1.1" 200 47
::1 - - [14/Dec/2021:12:07:53 +0600] "POST /wp-admin/admin-ajax.php HTTP/1.1" 200 47
::1 - - [14/Dec/2021:12:09:57 +0600] "POST /wp-cron.php?doing_wp_cron=1639462197.7041330337524414062500 HTTP/1.1" 200 -
::1 - - [14/Dec/2021:12:09:57 +0600] "POST /wp-admin/admin-ajax.php HTTP/1.1" 200 47
::1 - - [14/Dec/2021:12:11:58 +0600] "POST /wp-admin/admin-ajax.php HTTP/1.1" 200 47
::1 - - [14/Dec/2021:12:18:32 +0600] "POST /wp-admin/admin-ajax.php HTTP/1.1" 200 47
::1 - - [14/Dec/2021:12:18:34 +0600] "GET / HTTP/1.1" 200 -
::1 - - [14/Dec/2021:12:18:34 +0600] "GET /favicon.ico HTTP/1.1" 302 -
::1 - - [14/Dec/2021:12:18:36 +0600] "GET / HTTP/1.1" 200 -
::1 - - [14/Dec/2021:12:18:36 +0600] "GET /favicon.ico HTTP/1.1" 302 -
::1 - - [14/Dec/2021:12:18:36 +0600] "GET / HTTP/1.1" 200 -
::1 - - [14/Dec/2021:12:18:36 +0600] "GET /favicon.ico HTTP/1.1" 302 -
::1 - - [14/Dec/2021:12:18:37 +0600] "GET / HTTP/1.1" 200 -
::1 - - [14/Dec/2021:12:18:37 +0600] "GET /favicon.ico HTTP/1.1" 302 -
::1 - - [14/Dec/2021:12:18:37 +0600] "GET / HTTP/1.1" 200 -
::1 - - [14/Dec/2021:12:18:37 +0600] "GET /favicon.ico HTTP/1.1" 302 -
::1 - - [14/Dec/2021:12:18:37 +0600] "GET / HTTP/1.1" 200 -
::1 - - [14/Dec/2021:12:18:37 +0600] "GET /favicon.ico HTTP/1.1" 302 -
::1 - - [14/Dec/2021:12:18:39 +0600] "GET / HTTP/1.1" 200 -
::1 - - [14/Dec/2021:12:18:45 +0600] "GET / HTTP/1.1" 200 -
::1 - - [14/Dec/2021:12:18:45 +0600] "GET /favicon.ico HTTP/1.1" 302 -
::1 - - [14/Dec/2021:12:18:46 +0600] "GET / HTTP/1.1" 200 -
::1 - - [14/Dec/2021:12:18:46 +0600] "GET /favicon.ico HTTP/1.1" 302 -
::1 - - [14/Dec/2021:12:18:46 +0600] "GET / HTTP/1.1" 200 -
::1 - - [14/Dec/2021:12:18:46 +0600] "GET / HTTP/1.1" 200 -
::1 - - [14/Dec/2021:12:18:46 +0600] "GET /favicon.ico HTTP/1.1" 302 -
::1 - - [14/Dec/2021:12:18:46 +0600] "GET / HTTP/1.1" 200 -
::1 - - [14/Dec/2021:12:18:46 +0600] "GET /favicon.ico HTTP/1.1" 302 -
::1 - - [14/Dec/2021:12:18:46 +0600] "GET / HTTP/1.1" 200 -
::1 - - [14/Dec/2021:12:18:46 +0600] "GET /favicon.ico HTTP/1.1" 302 -
::1 - - [14/Dec/2021:12:18:46 +0600] "GET / HTTP/1.1" 200 -
::1 - - [14/Dec/2021:12:18:46 +0600] "GET /favicon.ico HTTP/1.1" 302 -
::1 - - [14/Dec/2021:12:18:46 +0600] "GET / HTTP/1.1" 200 -
::1 - - [14/Dec/2021:12:18:46 +0600] "GET /favicon.ico HTTP/1.1" 302 -
::1 - - [14/Dec/2021:12:18:46 +0600] "GET / HTTP/1.1" 200 -
::1 - - [14/Dec/2021:12:18:47 +0600] "GET /favicon.ico HTTP/1.1" 302 -
::1 - - [14/Dec/2021:12:18:47 +0600] "GET / HTTP/1.1" 200 -
::1 - - [14/Dec/2021:12:18:47 +0600] "GET /favicon.ico HTTP/1.1" 302 -
::1 - - [14/Dec/2021:12:18:47 +0600] "GET / HTTP/1.1" 200 -
::1 - - [14/Dec/2021:12:18:47 +0600] "GET /favicon.ico HTTP/1.1" 302 -
::1 - - [14/Dec/2021:12:18:47 +0600] "GET / HTTP/1.1" 200 -
::1 - - [14/Dec/2021:12:18:47 +0600] "GET /favicon.ico HTTP/1.1" 302 -
::1 - - [14/Dec/2021:12:18:47 +0600] "GET / HTTP/1.1" 200 -
::1 - - [14/Dec/2021:12:18:47 +0600] "GET /favicon.ico HTTP/1.1" 302 -
::1 - - [14/Dec/2021:12:18:47 +0600] "GET / HTTP/1.1" 200 -
::1 - - [14/Dec/2021:12:18:47 +0600] "GET /favicon.ico HTTP/1.1" 302 -
::1 - - [14/Dec/2021:12:18:49 +0600] "GET /wp-admin/themes.php HTTP/1.1" 200 44238
::1 - - [14/Dec/2021:12:18:49 +0600] "GET /wp-content/themes/mytheme/screenshot.png HTTP/1.1" 304 -
::1 - - [14/Dec/2021:12:18:49 +0600] "GET /favicon.ico HTTP/1.1" 302 -
::1 - - [14/Dec/2021:12:18:52 +0600] "GET / HTTP/1.1" 200 -
::1 - - [14/Dec/2021:12:19:24 +0600] "GET / HTTP/1.1" 200 18
::1 - - [14/Dec/2021:12:19:24 +0600] "GET /favicon.ico HTTP/1.1" 302 -
::1 - - [14/Dec/2021:12:19:50 +0600] "POST /wp-admin/admin-ajax.php HTTP/1.1" 200 47
::1 - - [14/Dec/2021:12:20:42 +0600] "GET / HTTP/1.1" 200 39
::1 - - [14/Dec/2021:12:20:42 +0600] "GET /favicon.ico HTTP/1.1" 302 -
::1 - - [14/Dec/2021:12:21:40 +0600] "GET / HTTP/1.1" 200 266
::1 - - [14/Dec/2021:12:21:40 +0600] "GET /favicon.ico HTTP/1.1" 302 -
::1 - - [14/Dec/2021:12:21:41 +0600] "GET / HTTP/1.1" 200 266
::1 - - [14/Dec/2021:12:21:42 +0600] "GET /favicon.ico HTTP/1.1" 302 -
::1 - - [14/Dec/2021:12:21:42 +0600] "GET / HTTP/1.1" 200 266
::1 - - [14/Dec/2021:12:21:42 +0600] "GET /favicon.ico HTTP/1.1" 302 -
::1 - - [14/Dec/2021:12:21:42 +0600] "GET / HTTP/1.1" 200 266
::1 - - [14/Dec/2021:12:21:42 +0600] "GET / HTTP/1.1" 200 266
::1 - - [14/Dec/2021:12:21:42 +0600] "GET /favicon.ico HTTP/1.1" 302 -
::1 - - [14/Dec/2021:12:21:42 +0600] "GET / HTTP/1.1" 200 266
::1 - - [14/Dec/2021:12:21:42 +0600] "GET /favicon.ico HTTP/1.1" 302 -
::1 - - [14/Dec/2021:12:21:50 +0600] "POST /wp-admin/admin-ajax.php HTTP/1.1" 200 47
::1 - - [14/Dec/2021:12:23:52 +0600] "POST /wp-admin/admin-ajax.php HTTP/1.1" 200 47
::1 - - [14/Dec/2021:12:25:53 +0600] "POST /wp-admin/admin-ajax.php HTTP/1.1" 200 47
::1 - - [14/Dec/2021:12:27:33 +0600] "-" 408 -
::1 - - [14/Dec/2021:12:27:33 +0600] "-" 408 -
::1 - - [14/Dec/2021:12:27:54 +0600] "POST /wp-admin/admin-ajax.php HTTP/1.1" 200 47
::1 - - [14/Dec/2021:12:29:55 +0600] "POST /wp-admin/admin-ajax.php HTTP/1.1" 200 47
::1 - - [14/Dec/2021:12:30:27 +0600] "GET / HTTP/1.1" 200 4534
::1 - - [14/Dec/2021:12:30:27 +0600] "GET /favicon.ico HTTP/1.1" 302 -
::1 - - [14/Dec/2021:12:30:27 +0600] "GET / HTTP/1.1" 200 4534
::1 - - [14/Dec/2021:12:30:28 +0600] "GET /favicon.ico HTTP/1.1" 302 -
::1 - - [14/Dec/2021:12:30:30 +0600] "GET / HTTP/1.1" 200 4534
::1 - - [14/Dec/2021:12:30:30 +0600] "GET /favicon.ico HTTP/1.1" 302 -
::1 - - [14/Dec/2021:12:30:42 +0600] "GET / HTTP/1.1" 200 4534
::1 - - [14/Dec/2021:12:30:42 +0600] "GET /favicon.ico HTTP/1.1" 302 -
::1 - - [14/Dec/2021:12:30:43 +0600] "GET / HTTP/1.1" 200 4534
::1 - - [14/Dec/2021:12:30:43 +0600] "GET /favicon.ico HTTP/1.1" 302 -
::1 - - [14/Dec/2021:12:30:55 +0600] "GET / HTTP/1.1" 200 4534
::1 - - [14/Dec/2021:12:30:55 +0600] "GET /favicon.ico HTTP/1.1" 302 -
::1 - - [14/Dec/2021:12:30:55 +0600] "POST /wp-admin/admin-ajax.php HTTP/1.1" 200 47
::1 - - [14/Dec/2021:12:30:55 +0600] "GET / HTTP/1.1" 200 4534
::1 - - [14/Dec/2021:12:30:56 +0600] "GET /favicon.ico HTTP/1.1" 302 -
::1 - - [14/Dec/2021:12:30:56 +0600] "GET / HTTP/1.1" 200 4534
::1 - - [14/Dec/2021:12:30:56 +0600] "GET /favicon.ico HTTP/1.1" 302 -
::1 - - [14/Dec/2021:12:30:56 +0600] "GET / HTTP/1.1" 200 4534
::1 - - [14/Dec/2021:12:30:56 +0600] "GET /favicon.ico HTTP/1.1" 302 -
::1 - - [14/Dec/2021:12:30:56 +0600] "GET / HTTP/1.1" 200 4534
::1 - - [14/Dec/2021:12:30:56 +0600] "GET /favicon.ico HTTP/1.1" 302 -
::1 - - [14/Dec/2021:12:30:56 +0600] "GET / HTTP/1.1" 200 4534
::1 - - [14/Dec/2021:12:30:56 +0600] "GET /favicon.ico HTTP/1.1" 302 -
::1 - - [14/Dec/2021:12:30:56 +0600] "GET / HTTP/1.1" 200 4534
::1 - - [14/Dec/2021:12:30:56 +0600] "GET /favicon.ico HTTP/1.1" 302 -
::1 - - [14/Dec/2021:12:30:57 +0600] "GET / HTTP/1.1" 200 4534
::1 - - [14/Dec/2021:12:30:57 +0600] "GET /favicon.ico HTTP/1.1" 302 -
::1 - - [14/Dec/2021:12:30:57 +0600] "GET / HTTP/1.1" 200 4534
::1 - - [14/Dec/2021:12:30:57 +0600] "GET /favicon.ico HTTP/1.1" 302 -
::1 - - [14/Dec/2021:12:31:00 +0600] "GET / HTTP/1.1" 200 4534
::1 - - [14/Dec/2021:12:31:00 +0600] "GET / HTTP/1.1" 200 4534
::1 - - [14/Dec/2021:12:31:00 +0600] "GET /favicon.ico HTTP/1.1" 302 -
::1 - - [14/Dec/2021:12:31:07 +0600] "GET / HTTP/1.1" 200 4534
::1 - - [14/Dec/2021:12:31:40 +0600] "GET / HTTP/1.1" 200 10577
::1 - - [14/Dec/2021:12:31:40 +0600] "GET /favicon.ico HTTP/1.1" 302 -
::1 - - [14/Dec/2021:12:31:41 +0600] "GET / HTTP/1.1" 200 10577
::1 - - [14/Dec/2021:12:31:41 +0600] "GET /favicon.ico HTTP/1.1" 302 -
::1 - - [14/Dec/2021:12:31:43 +0600] "GET / HTTP/1.1" 200 10577
::1 - - [14/Dec/2021:12:31:43 +0600] "GET /favicon.ico HTTP/1.1" 302 -
::1 - - [14/Dec/2021:12:31:43 +0600] "GET / HTTP/1.1" 200 10577
::1 - - [14/Dec/2021:12:31:43 +0600] "GET / HTTP/1.1" 200 10577
::1 - - [14/Dec/2021:12:31:43 +0600] "GET /favicon.ico HTTP/1.1" 302 -
::1 - - [14/Dec/2021:12:31:46 +0600] "GET / HTTP/1.1" 200 10577
::1 - - [14/Dec/2021:12:31:46 +0600] "GET /favicon.ico HTTP/1.1" 302 -
::1 - - [14/Dec/2021:13:01:24 +0600] "GET / HTTP/1.1" 200 10746
::1 - - [14/Dec/2021:13:01:24 +0600] "GET /favicon.ico HTTP/1.1" 302 -
::1 - - [14/Dec/2021:13:02:24 +0600] "-" 408 -
::1 - - [14/Dec/2021:13:09:34 +0600] "POST /wp-cron.php?doing_wp_cron=1639465774.9405329227447509765625 HTTP/1.1" 200 -
::1 - - [14/Dec/2021:13:09:34 +0600] "GET / HTTP/1.1" 200 10897
::1 - - [14/Dec/2021:13:09:34 +0600] "GET /favicon.ico HTTP/1.1" 302 -
::1 - - [14/Dec/2021:13:10:34 +0600] "-" 408 -
::1 - - [14/Dec/2021:13:21:35 +0600] "GET / HTTP/1.1" 200 10897
::1 - - [14/Dec/2021:13:21:35 +0600] "GET /wp-content/themes/mytheme/assets/js/bootstrap.min.js?ver=5.8.2 HTTP/1.1" 200 59219
::1 - - [14/Dec/2021:13:21:35 +0600] "GET /wp-content/themes/mytheme/assets/css/bootstrap.min.css?ver=5.8.2 HTTP/1.1" 200 163873
::1 - - [14/Dec/2021:13:21:35 +0600] "GET /wp-content/themes/mytheme/assets/js/bootstrap.min.js?ver=5.8.2 HTTP/1.1" 200 59219
::1 - - [14/Dec/2021:13:21:35 +0600] "GET /favicon.ico HTTP/1.1" 302 -
::1 - - [14/Dec/2021:13:28:37 +0600] "GET / HTTP/1.1" 200 11180
::1 - - [14/Dec/2021:13:28:37 +0600] "GET /favicon.ico HTTP/1.1" 302 -
::1 - - [14/Dec/2021:13:29:37 +0600] "-" 408 -
::1 - - [14/Dec/2021:13:41:18 +0600] "GET / HTTP/1.1" 200 11180
::1 - - [14/Dec/2021:13:41:18 +0600] "GET /favicon.ico HTTP/1.1" 302 -
::1 - - [14/Dec/2021:13:42:18 +0600] "-" 408 -
::1 - - [14/Dec/2021:13:42:31 +0600] "GET / HTTP/1.1" 200 11180
::1 - - [14/Dec/2021:13:42:31 +0600] "GET /favicon.ico HTTP/1.1" 302 -
::1 - - [14/Dec/2021:13:42:32 +0600] "GET / HTTP/1.1" 200 11180
::1 - - [14/Dec/2021:13:42:32 +0600] "GET /favicon.ico HTTP/1.1" 302 -
::1 - - [14/Dec/2021:13:42:33 +0600] "GET / HTTP/1.1" 200 11180
::1 - - [14/Dec/2021:13:42:33 +0600] "GET /favicon.ico HTTP/1.1" 302 -
::1 - - [14/Dec/2021:13:42:38 +0600] "GET / HTTP/1.1" 200 11180
::1 - - [14/Dec/2021:13:42:38 +0600] "GET /favicon.ico HTTP/1.1" 302 -
::1 - - [14/Dec/2021:13:43:31 +0600] "-" 408 -
